"C:/Users/nicol/Documents/Unreal Projects/ProjectSNK/Content/Environement/Texture/sky5.uasset" 0
"C:/Users/nicol/Documents/Unreal Projects/ProjectSNK/Content/Environement/Texture/sky5.uexp" 1
"C:/Users/nicol/Documents/Unreal Projects/ProjectSNK/Content/Environement/Sprite/sky5_Sprite.uasset" 2
"C:/Users/nicol/Documents/Unreal Projects/ProjectSNK/Content/Environement/Sprite/sky5_Sprite.uexp" 3
"C:/Users/nicol/Documents/Unreal Projects/ProjectSNK/Content/Environement/Texture/sky_blue.uasset" 4
"C:/Users/nicol/Documents/Unreal Projects/ProjectSNK/Content/Environement/Texture/sky_blue.uexp" 5
"C:/Users/nicol/Documents/Unreal Projects/ProjectSNK/Content/Environement/Sprite/sky_blue_Sprite.uasset" 6
"C:/Users/nicol/Documents/Unreal Projects/ProjectSNK/Content/Environement/Sprite/sky_blue_Sprite.uexp" 7
"C:/Users/nicol/Documents/Unreal Projects/ProjectSNK/Content/Environement/Texture/sky_with_herb.uasset" 8
"C:/Users/nicol/Documents/Unreal Projects/ProjectSNK/Content/Environement/Texture/sky_with_herb.uexp" 9
"C:/Users/nicol/Documents/Unreal Projects/ProjectSNK/Content/Environement/Sprite/sky_with_herb_Sprite.uasset" 10
"C:/Users/nicol/Documents/Unreal Projects/ProjectSNK/Content/Environement/Sprite/sky_with_herb_Sprite.uexp" 11
"C:/Users/nicol/Documents/Unreal Projects/ProjectSNK/Content/Foot/Texture/titan_feet.uasset" 12
"C:/Users/nicol/Documents/Unreal Projects/ProjectSNK/Content/Foot/Texture/titan_feet.uexp" 13
"C:/Users/nicol/Documents/Unreal Projects/ProjectSNK/Content/Foot/Sprite/titan_feet_Sprite.uasset" 14
"C:/Users/nicol/Documents/Unreal Projects/ProjectSNK/Content/Foot/Sprite/titan_feet_Sprite.uexp" 15
"C:/Users/nicol/Documents/Unreal Projects/ProjectSNK/Content/Foot/Texture/titan_foot_good.uasset" 16
"C:/Users/nicol/Documents/Unreal Projects/ProjectSNK/Content/Foot/Texture/titan_foot_good.uexp" 17
"../../../Engine/Plugins/2D/Paper2D/Content/PlaceholderTextures/DummySpriteTexture.uasset" 18
"../../../Engine/Plugins/2D/Paper2D/Content/PlaceholderTextures/DummySpriteTexture.uexp" 19
"../../../Engine/Plugins/2D/Paper2D/Content/PlaceholderTextures/DummySpriteTexture.ubulk" 20
"../../../Engine/Plugins/2D/Paper2D/Content/DefaultSpriteMaterial.uasset" 21
"../../../Engine/Plugins/2D/Paper2D/Content/DefaultSpriteMaterial.uexp" 22
"../../../Engine/Plugins/2D/Paper2D/Content/TranslucentUnlitSpriteMaterial.uasset" 23
"../../../Engine/Plugins/2D/Paper2D/Content/TranslucentUnlitSpriteMaterial.uexp" 24
"C:/Users/nicol/Documents/Unreal Projects/ProjectSNK/Content/Foot/Sprite/titan_foot_good_Sprite_0.uasset" 25
"C:/Users/nicol/Documents/Unreal Projects/ProjectSNK/Content/Foot/Sprite/titan_foot_good_Sprite_0.uexp" 26
"../../../Engine/Content/EngineMaterials/T_Default_Material_Grid_N.uasset" 27
"../../../Engine/Content/EngineMaterials/T_Default_Material_Grid_N.uexp" 28
"../../../Engine/Content/EngineMaterials/T_Default_Material_Grid_N.ubulk" 29
"../../../Engine/Content/EngineMaterials/T_Default_Material_Grid_M.uasset" 30
"../../../Engine/Content/EngineMaterials/T_Default_Material_Grid_M.uexp" 31
"../../../Engine/Content/EngineMaterials/T_Default_Material_Grid_M.ubulk" 32
"../../../Engine/Content/Functions/Engine_MaterialFunctions01/Opacity/CameraDepthFade.uasset" 33
"../../../Engine/Content/Functions/Engine_MaterialFunctions01/Opacity/CameraDepthFade.uexp" 34
"../../../Engine/Content/EngineMaterials/WorldGridMaterial.uasset" 35
"../../../Engine/Content/EngineMaterials/WorldGridMaterial.uexp" 36
"../../../Engine/Content/ArtTools/RenderToTexture/Meshes/S_1_Unit_Plane.uasset" 37
"../../../Engine/Content/ArtTools/RenderToTexture/Meshes/S_1_Unit_Plane.uexp" 38
"../../../Engine/Content/EngineMaterials/DefaultMaterial.uasset" 39
"../../../Engine/Content/EngineMaterials/DefaultMaterial.uexp" 40
"../../../Engine/Content/BasicShapes/Cone.uasset" 41
"../../../Engine/Content/BasicShapes/Cone.uexp" 42
"../../../Engine/Content/BasicShapes/Cube.uasset" 43
"../../../Engine/Content/BasicShapes/Cube.uexp" 44
"../../../Engine/Content/BasicShapes/Plane.uasset" 45
"../../../Engine/Content/BasicShapes/Plane.uexp" 46
"../../../Engine/Content/BasicShapes/Sphere.uasset" 47
"../../../Engine/Content/BasicShapes/Sphere.uexp" 48
"../../../Engine/Content/EditorLandscapeResources/DataLayer.uasset" 49
"../../../Engine/Content/EditorLandscapeResources/DataLayer.uexp" 50
"../../../Engine/Content/EditorLandscapeResources/DefaultAlphaTexture.uasset" 51
"../../../Engine/Content/EditorLandscapeResources/DefaultAlphaTexture.uexp" 52
"../../../Engine/Content/EditorMaterials/MAT_Groups_Toggle.uasset" 53
"../../../Engine/Content/EditorMaterials/MAT_Groups_Toggle.uexp" 54
"../../../Engine/Content/EditorMaterials/MAT_Groups_Visibility.uasset" 55
"../../../Engine/Content/EditorMaterials/MAT_Groups_Visibility.uexp" 56
"../../../Engine/Content/EditorMaterials/PreviewShadowIndicator.uasset" 57
"../../../Engine/Content/EditorMaterials/PreviewShadowIndicator.uexp" 58
"../../../Engine/Content/EditorMaterials/PreviewShadowIndicator.ubulk" 59
"../../../Engine/Content/EditorMaterials/PreviewShadowIndicatorMaterial.uasset" 60
"../../../Engine/Content/EditorMaterials/PreviewShadowIndicatorMaterial.uexp" 61
"../../../Engine/Content/EditorMaterials/MatineeGroups/MAT_ColorTrack.uasset" 62
"../../../Engine/Content/EditorMaterials/MatineeGroups/MAT_ColorTrack.uexp" 63
"../../../Engine/Content/EditorMaterials/MatineeGroups/MAT_Groups_Anim.uasset" 64
"../../../Engine/Content/EditorMaterials/MatineeGroups/MAT_Groups_Anim.uexp" 65
"../../../Engine/Content/EditorMaterials/MatineeGroups/MAT_Groups_AudioMaster.uasset" 66
"../../../Engine/Content/EditorMaterials/MatineeGroups/MAT_Groups_AudioMaster.uexp" 67
"../../../Engine/Content/EditorMaterials/MatineeGroups/MAT_Groups_Director.uasset" 68
"../../../Engine/Content/EditorMaterials/MatineeGroups/MAT_Groups_Director.uexp" 69
"../../../Engine/Content/EditorMaterials/MatineeGroups/MAT_Groups_Event.uasset" 70
"../../../Engine/Content/EditorMaterials/MatineeGroups/MAT_Groups_Event.uexp" 71
"../../../Engine/Content/EditorMaterials/MatineeGroups/MAT_Groups_Fade.uasset" 72
"../../../Engine/Content/EditorMaterials/MatineeGroups/MAT_Groups_Fade.uexp" 73
"../../../Engine/Content/EditorMaterials/MatineeGroups/MAT_Groups_Float.uasset" 74
"../../../Engine/Content/EditorMaterials/MatineeGroups/MAT_Groups_Float.uexp" 75
"../../../Engine/Content/EditorMaterials/MatineeGroups/MAT_Groups_Move.uasset" 76
"../../../Engine/Content/EditorMaterials/MatineeGroups/MAT_Groups_Move.uexp" 77
"../../../Engine/Content/EditorMaterials/MatineeGroups/MAT_Groups_Slomo.uasset" 78
"../../../Engine/Content/EditorMaterials/MatineeGroups/MAT_Groups_Slomo.uexp" 79
"../../../Engine/Content/EditorMaterials/MatineeGroups/MAT_Groups_Sound.uasset" 80
"../../../Engine/Content/EditorMaterials/MatineeGroups/MAT_Groups_Sound.uexp" 81
"../../../Engine/Content/EditorMaterials/MatineeGroups/MAT_Groups_Vector.uasset" 82
"../../../Engine/Content/EditorMaterials/MatineeGroups/MAT_Groups_Vector.uexp" 83
"../../../Engine/Content/EditorMaterials/ParticleSystems/PSysThumbnail_NoImage.uasset" 84
"../../../Engine/Content/EditorMaterials/ParticleSystems/PSysThumbnail_NoImage.uexp" 85
"../../../Engine/Content/EditorMaterials/ParticleSystems/PSysThumbnail_NoImage.ubulk" 86
"../../../Engine/Content/EditorMaterials/ParticleSystems/PSysThumbnail_OOD.uasset" 87
"../../../Engine/Content/EditorMaterials/ParticleSystems/PSysThumbnail_OOD.uexp" 88
"../../../Engine/Content/EditorMaterials/ParticleSystems/PSysThumbnail_OOD.ubulk" 89
"../../../Engine/Content/EditorMaterials/Camera/CineMat.uasset" 90
"../../../Engine/Content/EditorMaterials/Camera/CineMat.uexp" 91
"../../../Engine/Content/EditorMaterials/Camera/MI_CineMat_Rig.uasset" 92
"../../../Engine/Content/EditorMaterials/Camera/MI_CineMat_Rig.uexp" 93
"../../../Engine/Content/EditorMeshes/Camera/SM_CraneRig_Arm.uasset" 94
"../../../Engine/Content/EditorMeshes/Camera/SM_CraneRig_Arm.uexp" 95
"../../../Engine/Content/EditorMeshes/Camera/SM_CraneRig_Base.uasset" 96
"../../../Engine/Content/EditorMeshes/Camera/SM_CraneRig_Base.uexp" 97
"../../../Engine/Content/EditorMeshes/Camera/SM_CraneRig_Body.uasset" 98
"../../../Engine/Content/EditorMeshes/Camera/SM_CraneRig_Body.uexp" 99
"../../../Engine/Content/EditorMeshes/Camera/SM_CraneRig_Mount.uasset" 100
"../../../Engine/Content/EditorMeshes/Camera/SM_CraneRig_Mount.uexp" 101
"../../../Engine/Content/EditorMeshes/Camera/SM_RailRig_Mount.uasset" 102
"../../../Engine/Content/EditorMeshes/Camera/SM_RailRig_Mount.uexp" 103
"../../../Engine/Content/EditorMeshes/Camera/SM_RailRig_Track.uasset" 104
"../../../Engine/Content/EditorMeshes/Camera/SM_RailRig_Track.uexp" 105
"../../../Engine/Content/EditorResources/BSPVertex.uasset" 106
"../../../Engine/Content/EditorResources/BSPVertex.uexp" 107
"../../../Engine/Content/EditorResources/EmptyActor.uasset" 108
"../../../Engine/Content/EditorResources/EmptyActor.uexp" 109
"../../../Engine/Content/EditorResources/S_Actor.uasset" 110
"../../../Engine/Content/EditorResources/S_Actor.uexp" 111
"../../../Engine/Content/EditorResources/S_Actor.ubulk" 112
"../../../Engine/Content/EditorResources/S_Note.uasset" 113
"../../../Engine/Content/EditorResources/S_Note.uexp" 114
"../../../Engine/Content/EditorResources/S_Note.ubulk" 115
"../../../Engine/Content/EditorResources/S_Solver.uasset" 116
"../../../Engine/Content/EditorResources/S_Solver.uexp" 117
"../../../Engine/Content/EditorResources/S_Solver.ubulk" 118
"../../../Engine/Content/EditorResources/S_Terrain.uasset" 119
"../../../Engine/Content/EditorResources/S_Terrain.uexp" 120
"../../../Engine/Content/EditorResources/S_Terrain.ubulk" 121
"../../../Engine/Content/EditorResources/S_Trigger.uasset" 122
"../../../Engine/Content/EditorResources/S_Trigger.uexp" 123
"../../../Engine/Content/EditorResources/S_Trigger.ubulk" 124
"../../../Engine/Content/EditorResources/AudioIcons/S_AudioComponent_AutoActivate.uasset" 125
"../../../Engine/Content/EditorResources/AudioIcons/S_AudioComponent_AutoActivate.uexp" 126
"../../../Engine/Content/EditorResources/AudioIcons/S_AudioComponent_AutoActivate.ubulk" 127
"../../../Engine/Content/EditorResources/SequenceRecorder/Countdown.uasset" 128
"../../../Engine/Content/EditorResources/SequenceRecorder/Countdown.uexp" 129
"../../../Engine/Content/EditorResources/SequenceRecorder/RecordingIndicator.uasset" 130
"../../../Engine/Content/EditorResources/SequenceRecorder/RecordingIndicator.uexp" 131
"../../../Engine/Content/EngineDamageTypes/DmgTypeBP_Environmental.uasset" 132
"../../../Engine/Content/EngineDamageTypes/DmgTypeBP_Environmental.uexp" 133
"../../../Engine/Content/EngineDebugMaterials/DebugEditorMaterial.uasset" 134
"../../../Engine/Content/EngineDebugMaterials/DebugEditorMaterial.uexp" 135
"../../../Engine/Content/EngineDebugMaterials/DebugMeshMaterial.uasset" 136
"../../../Engine/Content/EngineDebugMaterials/DebugMeshMaterial.uexp" 137
"../../../Engine/Content/EngineDebugMaterials/M_SimpleUnlitTranslucent.uasset" 138
"../../../Engine/Content/EngineDebugMaterials/M_SimpleUnlitTranslucent.uexp" 139
"../../../Engine/Content/EngineDebugMaterials/VolumeToRender.uasset" 140
"../../../Engine/Content/EngineDebugMaterials/VolumeToRender.uexp" 141
"../../../Engine/Content/Functions/Engine_MaterialFunctions02/Utility/CameraDirectionVector.uasset" 142
"../../../Engine/Content/Functions/Engine_MaterialFunctions02/Utility/CameraDirectionVector.uexp" 143
"../../../Engine/Content/EngineDebugMaterials/M_VolumeRenderSphereTracePP.uasset" 144
"../../../Engine/Content/EngineDebugMaterials/M_VolumeRenderSphereTracePP.uexp" 145
"../../../Engine/Content/Functions/Engine_MaterialFunctions01/Shading/ConvertFromDiffSpec.uasset" 146
"../../../Engine/Content/Functions/Engine_MaterialFunctions01/Shading/ConvertFromDiffSpec.uexp" 147
"../../../Engine/Content/EngineDebugMaterials/VertexColorMaterial.uasset" 148
"../../../Engine/Content/EngineDebugMaterials/VertexColorMaterial.uexp" 149
"../../../Engine/Content/EngineDebugMaterials/WireframeMaterial.uasset" 150
"../../../Engine/Content/EngineDebugMaterials/WireframeMaterial.uexp" 151
"../../../Engine/Content/EngineFonts/Faces/RobotoRegular.uasset" 152
"../../../Engine/Content/EngineFonts/Faces/RobotoRegular.uexp" 153
"../../../Engine/Content/EngineFonts/Faces/RobotoRegular.ufont" 154
"../../../Engine/Content/EngineFonts/Faces/RobotoLight.uasset" 155
"../../../Engine/Content/EngineFonts/Faces/RobotoLight.uexp" 156
"../../../Engine/Content/EngineFonts/Faces/RobotoLight.ufont" 157
"../../../Engine/Content/EngineFonts/Faces/RobotoItalic.uasset" 158
"../../../Engine/Content/EngineFonts/Faces/RobotoItalic.uexp" 159
"../../../Engine/Content/EngineFonts/Faces/RobotoItalic.ufont" 160
"../../../Engine/Content/EngineFonts/Faces/RobotoBoldItalic.uasset" 161
"../../../Engine/Content/EngineFonts/Faces/RobotoBoldItalic.uexp" 162
"../../../Engine/Content/EngineFonts/Faces/RobotoBoldItalic.ufont" 163
"../../../Engine/Content/EngineFonts/Faces/RobotoBold.uasset" 164
"../../../Engine/Content/EngineFonts/Faces/RobotoBold.uexp" 165
"../../../Engine/Content/EngineFonts/Faces/RobotoBold.ufont" 166
"../../../Engine/Content/EngineFonts/Faces/DroidSansFallback.uasset" 167
"../../../Engine/Content/EngineFonts/Faces/DroidSansFallback.uexp" 168
"../../../Engine/Content/EngineFonts/Faces/DroidSansFallback.ufont" 169
"../../../Engine/Content/EngineFonts/Roboto.uasset" 170
"../../../Engine/Content/EngineFonts/Roboto.uexp" 171
"../../../Engine/Content/EngineMaterials/BaseFlattenNormalMap.uasset" 172
"../../../Engine/Content/EngineMaterials/BaseFlattenNormalMap.uexp" 173
"../../../Engine/Content/EngineMaterials/BaseFlattenGrayscaleMap.uasset" 174
"../../../Engine/Content/EngineMaterials/BaseFlattenGrayscaleMap.uexp" 175
"../../../Engine/Content/EngineMaterials/BaseFlattenEmissiveMap.uasset" 176
"../../../Engine/Content/EngineMaterials/BaseFlattenEmissiveMap.uexp" 177
"../../../Engine/Content/EngineMaterials/BaseFlattenDiffuseMap.uasset" 178
"../../../Engine/Content/EngineMaterials/BaseFlattenDiffuseMap.uexp" 179
"../../../Engine/Content/EngineMaterials/BaseFlattenMaterial.uasset" 180
"../../../Engine/Content/EngineMaterials/BaseFlattenMaterial.uexp" 181
"../../../Engine/Content/EngineMaterials/BlueNoise.uasset" 182
"../../../Engine/Content/EngineMaterials/BlueNoise.uexp" 183
"../../../Engine/Content/EngineMaterials/DefaultBloomKernel.uasset" 184
"../../../Engine/Content/EngineMaterials/DefaultBloomKernel.uexp" 185
"../../../Engine/Content/EngineMaterials/DefaultBokeh.uasset" 186
"../../../Engine/Content/EngineMaterials/DefaultBokeh.uexp" 187
"../../../Engine/Content/EngineMaterials/DefaultDiffuse.uasset" 188
"../../../Engine/Content/EngineMaterials/DefaultDiffuse.uexp" 189
"../../../Engine/Content/EngineMaterials/DefaultDiffuse.ubulk" 190
"../../../Engine/Content/EngineMaterials/DefaultDeferredDecalMaterial.uasset" 191
"../../../Engine/Content/EngineMaterials/DefaultDeferredDecalMaterial.uexp" 192
"../../../Engine/Content/EngineMaterials/DefaultLightFunctionMaterial.uasset" 193
"../../../Engine/Content/EngineMaterials/DefaultLightFunctionMaterial.uexp" 194
"../../../Engine/Content/EngineMaterials/DefaultPhysicalMaterial.uasset" 195
"../../../Engine/Content/EngineMaterials/DefaultPhysicalMaterial.uexp" 196
"../../../Engine/Content/Functions/Engine_MaterialFunctions02/Utility/BreakOutFloat2Components.uasset" 197
"../../../Engine/Content/Functions/Engine_MaterialFunctions02/Utility/BreakOutFloat2Components.uexp" 198
"../../../Engine/Content/EngineMaterials/DefaultPostProcessMaterial.uasset" 199
"../../../Engine/Content/EngineMaterials/DefaultPostProcessMaterial.uexp" 200
"../../../Engine/Content/EngineFonts/RobotoDistanceField.uasset" 201
"../../../Engine/Content/EngineFonts/RobotoDistanceField.uexp" 202
"../../../Engine/Content/EngineMaterials/DefaultTextMaterialOpaque.uasset" 203
"../../../Engine/Content/EngineMaterials/DefaultTextMaterialOpaque.uexp" 204
"../../../Engine/Content/EngineMaterials/DefaultWhiteGrid.uasset" 205
"../../../Engine/Content/EngineMaterials/DefaultWhiteGrid.uexp" 206
"../../../Engine/Content/EngineMaterials/DefaultWhiteGrid.ubulk" 207
"../../../Engine/Content/EngineMaterials/DefaultWhiteGrid_Low.uasset" 208
"../../../Engine/Content/EngineMaterials/DefaultWhiteGrid_Low.uexp" 209
"../../../Engine/Content/EngineMaterials/EmissiveMeshMaterial.uasset" 210
"../../../Engine/Content/EngineMaterials/EmissiveMeshMaterial.uexp" 211
"../../../Engine/Content/EngineMaterials/GizmoMaterial.uasset" 212
"../../../Engine/Content/EngineMaterials/GizmoMaterial.uexp" 213
"../../../Engine/Content/EngineMaterials/Good64x64TilingNoiseHighFreq.uasset" 214
"../../../Engine/Content/EngineMaterials/Good64x64TilingNoiseHighFreq.uexp" 215
"../../../Engine/Content/EngineMaterials/MiniFont.uasset" 216
"../../../Engine/Content/EngineMaterials/MiniFont.uexp" 217
"../../../Engine/Content/EngineMaterials/InvalidLightmapSettings.uasset" 218
"../../../Engine/Content/EngineMaterials/InvalidLightmapSettings.uexp" 219
"../../../Engine/Content/EngineMaterials/InvalidLightmapSettings.ubulk" 220
"../../../Engine/Content/EngineMaterials/M_InvalidLightmapSettings.uasset" 221
"../../../Engine/Content/EngineMaterials/M_InvalidLightmapSettings.uexp" 222
"../../../Engine/Content/Functions/Engine_MaterialFunctions02/WorldPositionOffset/CameraOffset.uasset" 223
"../../../Engine/Content/Functions/Engine_MaterialFunctions02/WorldPositionOffset/CameraOffset.uexp" 224
"../../../Engine/Content/EngineMaterials/PhAT_JointLimitMaterial.uasset" 225
"../../../Engine/Content/EngineMaterials/PhAT_JointLimitMaterial.uexp" 226
"../../../Engine/Content/EngineMaterials/PreintegratedSkinBRDF.uasset" 227
"../../../Engine/Content/EngineMaterials/PreintegratedSkinBRDF.uexp" 228
"../../../Engine/Content/EngineMaterials/RemoveSurfaceMaterial.uasset" 229
"../../../Engine/Content/EngineMaterials/RemoveSurfaceMaterial.uexp" 230
"../../../Engine/Content/EngineMaterials/WeightMapPlaceholderTexture.uasset" 231
"../../../Engine/Content/EngineMaterials/WeightMapPlaceholderTexture.uexp" 232
"../../../Engine/Content/EngineResources/WhiteSquareTexture.uasset" 233
"../../../Engine/Content/EngineResources/WhiteSquareTexture.uexp" 234
"../../../Engine/Content/EngineMaterials/Widget3DPassThrough.uasset" 235
"../../../Engine/Content/EngineMaterials/Widget3DPassThrough.uexp" 236
"../../../Engine/Content/EngineMaterials/Widget3DPassThrough_Masked.uasset" 237
"../../../Engine/Content/EngineMaterials/Widget3DPassThrough_Masked.uexp" 238
"../../../Engine/Content/EngineMaterials/Widget3DPassThrough_Opaque.uasset" 239
"../../../Engine/Content/EngineMaterials/Widget3DPassThrough_Opaque.uexp" 240
"../../../Engine/Content/EngineMaterials/Widget3DPassThrough_Masked_OneSided.uasset" 241
"../../../Engine/Content/EngineMaterials/Widget3DPassThrough_Masked_OneSided.uexp" 242
"../../../Engine/Content/EngineMaterials/Widget3DPassThrough_Opaque_OneSided.uasset" 243
"../../../Engine/Content/EngineMaterials/Widget3DPassThrough_Opaque_OneSided.uexp" 244
"../../../Engine/Content/EngineMaterials/Widget3DPassThrough_Translucent.uasset" 245
"../../../Engine/Content/EngineMaterials/Widget3DPassThrough_Translucent.uexp" 246
"../../../Engine/Content/EngineMaterials/Widget3DPassThrough_Translucent_OneSided.uasset" 247
"../../../Engine/Content/EngineMaterials/Widget3DPassThrough_Translucent_OneSided.uexp" 248
"../../../Engine/Content/EngineMeshes/Cylinder.uasset" 249
"../../../Engine/Content/EngineMeshes/Cylinder.uexp" 250
"../../../Engine/Content/EngineMeshes/Sphere.uasset" 251
"../../../Engine/Content/EngineMeshes/Sphere.uexp" 252
"../../../Engine/Content/EngineResources/DefaultTexture.uasset" 253
"../../../Engine/Content/EngineResources/DefaultTexture.uexp" 254
"../../../Engine/Content/EngineResources/DefaultTexture.ubulk" 255
"../../../Engine/Content/EngineResources/DefaultTextureCube.uasset" 256
"../../../Engine/Content/EngineResources/DefaultTextureCube.uexp" 257
"../../../Engine/Content/EngineResources/DefaultVolumeTexture2D.uasset" 258
"../../../Engine/Content/EngineResources/DefaultVolumeTexture2D.uexp" 259
"../../../Engine/Content/EngineResources/DefaultVolumeTexture.uasset" 260
"../../../Engine/Content/EngineResources/DefaultVolumeTexture.uexp" 261
"../../../Engine/Content/EngineResources/GradientTexture0.uasset" 262
"../../../Engine/Content/EngineResources/GradientTexture0.uexp" 263
"../../../Engine/Content/EngineSky/VolumetricClouds/T_NoiseShape64.uasset" 264
"../../../Engine/Content/EngineSky/VolumetricClouds/T_NoiseShape64.uexp" 265
"../../../Engine/Content/EngineSky/VolumetricClouds/T_NoiseShape64.ubulk" 266
"../../../Engine/Content/EngineSky/VolumetricClouds/T_VolumeNoiseShape64.uasset" 267
"../../../Engine/Content/EngineSky/VolumetricClouds/T_VolumeNoiseShape64.uexp" 268
"../../../Engine/Content/EngineSky/VolumetricClouds/T_NoiseErosion.uasset" 269
"../../../Engine/Content/EngineSky/VolumetricClouds/T_NoiseErosion.uexp" 270
"../../../Engine/Content/EngineSky/VolumetricClouds/T_NoiseErosion.ubulk" 271
"../../../Engine/Content/EngineSky/VolumetricClouds/T_VolumeNoiseErosion32.uasset" 272
"../../../Engine/Content/EngineSky/VolumetricClouds/T_VolumeNoiseErosion32.uexp" 273
"../../../Engine/Content/EngineSky/VolumetricClouds/CloudWeatherTexture.uasset" 274
"../../../Engine/Content/EngineSky/VolumetricClouds/CloudWeatherTexture.uexp" 275
"../../../Engine/Content/EngineSky/VolumetricClouds/CloudGradientTexture.uasset" 276
"../../../Engine/Content/EngineSky/VolumetricClouds/CloudGradientTexture.uexp" 277
"../../../Engine/Content/Functions/Engine_MaterialFunctions02/Utility/MakeFloat2.uasset" 278
"../../../Engine/Content/Functions/Engine_MaterialFunctions02/Utility/MakeFloat2.uexp" 279
"../../../Engine/Content/EngineSky/VolumetricClouds/m_SimpleVolumetricCloud.uasset" 280
"../../../Engine/Content/EngineSky/VolumetricClouds/m_SimpleVolumetricCloud.uexp" 281
"../../../Engine/Content/EngineSky/VolumetricClouds/m_SimpleVolumetricCloud_Inst.uasset" 282
"../../../Engine/Content/EngineSky/VolumetricClouds/m_SimpleVolumetricCloud_Inst.uexp" 283
"../../../Engine/Content/EngineSounds/Master.uasset" 284
"../../../Engine/Content/EngineSounds/Master.uexp" 285
"../../../Engine/Content/Functions/Engine_MaterialFunctions01/Shading/PowerToRoughness.uasset" 286
"../../../Engine/Content/Functions/Engine_MaterialFunctions01/Shading/PowerToRoughness.uexp" 287
"../../../Engine/Content/Maps/Templates/Thumbnails/Default.uasset" 288
"../../../Engine/Content/Maps/Templates/Thumbnails/Default.uexp" 289
"../../../Engine/Content/Maps/Templates/Thumbnails/TimeOfDay.uasset" 290
"../../../Engine/Content/Maps/Templates/Thumbnails/TimeOfDay.uexp" 291
"../../../Engine/Content/Maps/Templates/Thumbnails/VR-Basic.uasset" 292
"../../../Engine/Content/Maps/Templates/Thumbnails/VR-Basic.uexp" 293
"../../../Engine/Content/MobileResources/T_MobileControls_texture.uasset" 294
"../../../Engine/Content/MobileResources/T_MobileControls_texture.uexp" 295
"../../../Engine/Content/MobileResources/T_MobileMenu2.uasset" 296
"../../../Engine/Content/MobileResources/T_MobileMenu2.uexp" 297
"../../../Engine/Content/MobileResources/HUD/AnalogHat.uasset" 298
"../../../Engine/Content/MobileResources/HUD/AnalogHat.uexp" 299
"../../../Engine/Content/MobileResources/HUD/VirtualJoystick_Thumb.uasset" 300
"../../../Engine/Content/MobileResources/HUD/VirtualJoystick_Thumb.uexp" 301
"../../../Engine/Content/MobileResources/HUD/VirtualJoystick_Background.uasset" 302
"../../../Engine/Content/MobileResources/HUD/VirtualJoystick_Background.uexp" 303
"../../../Engine/Content/MobileResources/HUD/DefaultVirtualJoysticks.uasset" 304
"../../../Engine/Content/MobileResources/HUD/DefaultVirtualJoysticks.uexp" 305
"../../../Engine/Content/MobileResources/HUD/LeftVirtualJoystickOnly.uasset" 306
"../../../Engine/Content/MobileResources/HUD/LeftVirtualJoystickOnly.uexp" 307
"../../../Engine/Content/MobileResources/HUD/MobileHUDButton1_off.uasset" 308
"../../../Engine/Content/MobileResources/HUD/MobileHUDButton1_off.uexp" 309
"../../../Engine/Content/MobileResources/HUD/MobileHUDButton1_on.uasset" 310
"../../../Engine/Content/MobileResources/HUD/MobileHUDButton1_on.uexp" 311
"../../../Engine/Content/MobileResources/HUD/MobileHUDButton2_off.uasset" 312
"../../../Engine/Content/MobileResources/HUD/MobileHUDButton2_off.uexp" 313
"../../../Engine/Content/MobileResources/HUD/MobileHUDButton2_on.uasset" 314
"../../../Engine/Content/MobileResources/HUD/MobileHUDButton2_on.uexp" 315
"../../../Engine/Content/MobileResources/HUD/MobileHUDButton3.uasset" 316
"../../../Engine/Content/MobileResources/HUD/MobileHUDButton3.uexp" 317
"../../../Engine/Content/MobileResources/HUD/MobileHUDButtonFire.uasset" 318
"../../../Engine/Content/MobileResources/HUD/MobileHUDButtonFire.uexp" 319
"../../../Engine/Content/MobileResources/HUD/MobileHUDDirectionPad.uasset" 320
"../../../Engine/Content/MobileResources/HUD/MobileHUDDirectionPad.uexp" 321
"../../../Engine/Content/MobileResources/HUD/MobileHUDDirectionPad2.uasset" 322
"../../../Engine/Content/MobileResources/HUD/MobileHUDDirectionPad2.uexp" 323
"../../../Engine/Content/MobileResources/HUD/MobileHUDDirectionPad3.uasset" 324
"../../../Engine/Content/MobileResources/HUD/MobileHUDDirectionPad3.uexp" 325
"../../../Engine/Content/MobileResources/HUD/MobileHUDDirectionStick.uasset" 326
"../../../Engine/Content/MobileResources/HUD/MobileHUDDirectionStick.uexp" 327
"../../../Engine/Content/MobileResources/HUD/T_Castle_ThumbstickInner.uasset" 328
"../../../Engine/Content/MobileResources/HUD/T_Castle_ThumbstickInner.uexp" 329
"../../../Engine/Content/MobileResources/HUD/T_Castle_ThumbstickOutter.uasset" 330
"../../../Engine/Content/MobileResources/HUD/T_Castle_ThumbstickOutter.uexp" 331
"../../../Engine/Content/Tutorial/ContentIntroCurve.uasset" 332
"../../../Engine/Content/Tutorial/ContentIntroCurve.uexp" 333
"../../../Engine/Content/Tutorial/Basics/TutorialAssets/icon_tab_Levels_40x.uasset" 334
"../../../Engine/Content/Tutorial/Basics/TutorialAssets/icon_tab_Levels_40x.uexp" 335
"../../../Engine/Content/Tutorial/BlueprintTutorials/TutorialAssets/Blueprint_64x.uasset" 336
"../../../Engine/Content/Tutorial/BlueprintTutorials/TutorialAssets/Blueprint_64x.uexp" 337
"../../../Engine/Content/VREditor/TransformGizmo/TranslucentTransformGizmoMaterial.uasset" 338
"../../../Engine/Content/VREditor/TransformGizmo/TranslucentTransformGizmoMaterial.uexp" 339
"../../../Engine/Content/VREditor/LaserPointer/VR_LaserPower_01.uasset" 340
"../../../Engine/Content/VREditor/LaserPointer/VR_LaserPower_01.uexp" 341
"../../../Engine/Content/VREditor/LaserPointer/VR_LaserPower_01.ubulk" 342
"../../../Engine/Content/VREditor/TransformGizmo/TransformGizmoMaterial.uasset" 343
"../../../Engine/Content/VREditor/TransformGizmo/TransformGizmoMaterial.uexp" 344
"../../../Engine/Content/VREditor/TransformGizmo/BoundingBoxCorner.uasset" 345
"../../../Engine/Content/VREditor/TransformGizmo/BoundingBoxCorner.uexp" 346
"../../../Engine/Content/VREditor/TransformGizmo/BoundingBoxEdge.uasset" 347
"../../../Engine/Content/VREditor/TransformGizmo/BoundingBoxEdge.uexp" 348
"../../../Engine/Content/VREditor/TransformGizmo/PlaneTranslationHandle.uasset" 349
"../../../Engine/Content/VREditor/TransformGizmo/PlaneTranslationHandle.uexp" 350
"../../../Engine/Content/VREditor/TransformGizmo/Xray.uasset" 351
"../../../Engine/Content/VREditor/TransformGizmo/Xray.uexp" 352
"../../../Engine/Content/VREditor/TransformGizmo/Main.uasset" 353
"../../../Engine/Content/VREditor/TransformGizmo/Main.uexp" 354
"../../../Engine/Content/VREditor/TransformGizmo/SM_Sequencer_Key.uasset" 355
"../../../Engine/Content/VREditor/TransformGizmo/SM_Sequencer_Key.uexp" 356
"../../../Engine/Content/VREditor/TransformGizmo/SM_Sequencer_Node.uasset" 357
"../../../Engine/Content/VREditor/TransformGizmo/SM_Sequencer_Node.uexp" 358
"../../../Engine/Plugins/2D/Paper2D/Content/DummySprite.uasset" 359
"../../../Engine/Plugins/2D/Paper2D/Content/DummySprite.uexp" 360
"../../../Engine/Plugins/2D/Paper2D/Content/DefaultPaperTerrainMaterial.uasset" 361
"../../../Engine/Plugins/2D/Paper2D/Content/DefaultPaperTerrainMaterial.uexp" 362
"../../../Engine/Plugins/2D/Paper2D/Content/MaskedUnlitSpriteMaterial.uasset" 363
"../../../Engine/Plugins/2D/Paper2D/Content/MaskedUnlitSpriteMaterial.uexp" 364
"../../../Engine/Plugins/2D/Paper2D/Content/OpaqueUnlitSpriteMaterial.uasset" 365
"../../../Engine/Plugins/2D/Paper2D/Content/OpaqueUnlitSpriteMaterial.uexp" 366
"../../../Engine/Content/Functions/Engine_MaterialFunctions02/ObjectLocalBounds.uasset" 367
"../../../Engine/Content/Functions/Engine_MaterialFunctions02/ObjectLocalBounds.uexp" 368
"../../../Engine/Content/Functions/Engine_MaterialFunctions02/Utility/BreakOutFloat3Components.uasset" 369
"../../../Engine/Content/Functions/Engine_MaterialFunctions02/Utility/BreakOutFloat3Components.uexp" 370
"../../../Engine/Content/Functions/Engine_MaterialFunctions02/UVs/BoundingBoxBased_0-1_UVW.uasset" 371
"../../../Engine/Content/Functions/Engine_MaterialFunctions02/UVs/BoundingBoxBased_0-1_UVW.uexp" 372
"../../../Engine/Content/Functions/Engine_MaterialFunctions02/SafeNormalize.uasset" 373
"../../../Engine/Content/Functions/Engine_MaterialFunctions02/SafeNormalize.uexp" 374
"../../../Engine/Plugins/Editor/SpeedTreeImporter/Content/SpeedTree9/UnpackInteger3.uasset" 375
"../../../Engine/Plugins/Editor/SpeedTreeImporter/Content/SpeedTree9/UnpackInteger3.uexp" 376
"../../../Engine/Plugins/Editor/SpeedTreeImporter/Content/SpeedTree9/UnpackDirection.uasset" 377
"../../../Engine/Plugins/Editor/SpeedTreeImporter/Content/SpeedTree9/UnpackDirection.uexp" 378
"../../../Engine/Plugins/Editor/SpeedTreeImporter/Content/SpeedTree9/game_wind_noise.uasset" 379
"../../../Engine/Plugins/Editor/SpeedTreeImporter/Content/SpeedTree9/game_wind_noise.uexp" 380
"../../../Engine/Plugins/Editor/SpeedTreeImporter/Content/SpeedTree9/game_wind_noise.ubulk" 381
"../../../Engine/Plugins/Editor/SpeedTreeImporter/Content/SpeedTree9/SpeedTreeWindMotion.uasset" 382
"../../../Engine/Plugins/Editor/SpeedTreeImporter/Content/SpeedTree9/SpeedTreeWindMotion.uexp" 383
"../../../Engine/Plugins/Editor/SpeedTreeImporter/Content/SpeedTree9/SpeedTreeBranchMotion.uasset" 384
"../../../Engine/Plugins/Editor/SpeedTreeImporter/Content/SpeedTree9/SpeedTreeBranchMotion.uexp" 385
"../../../Engine/Content/Functions/Engine_MaterialFunctions02/Utility/VectorLength.uasset" 386
"../../../Engine/Content/Functions/Engine_MaterialFunctions02/Utility/VectorLength.uexp" 387
"../../../Engine/Content/Functions/Engine_MaterialFunctions02/WorldPositionOffset/ObjectScale.uasset" 388
"../../../Engine/Content/Functions/Engine_MaterialFunctions02/WorldPositionOffset/ObjectScale.uexp" 389
"../../../Engine/Plugins/Editor/SpeedTreeImporter/Content/SpeedTree9/SpeedTreeWind.uasset" 390
"../../../Engine/Plugins/Editor/SpeedTreeImporter/Content/SpeedTree9/SpeedTreeWind.uexp" 391
"../../../Engine/Plugins/Editor/SpeedTreeImporter/Content/SpeedTree9/SpeedTreeBillboard.uasset" 392
"../../../Engine/Plugins/Editor/SpeedTreeImporter/Content/SpeedTree9/SpeedTreeBillboard.uexp" 393
"../../../Engine/Plugins/Editor/SpeedTreeImporter/Content/SpeedTree9/EmptyNormal.uasset" 394
"../../../Engine/Plugins/Editor/SpeedTreeImporter/Content/SpeedTree9/EmptyNormal.uexp" 395
"../../../Engine/Plugins/Editor/SpeedTreeImporter/Content/SpeedTree9/Empty.uasset" 396
"../../../Engine/Plugins/Editor/SpeedTreeImporter/Content/SpeedTree9/Empty.uexp" 397
"../../../Engine/Plugins/Editor/SpeedTreeImporter/Content/SpeedTree9/SpeedTreeBillboardMaster.uasset" 398
"../../../Engine/Plugins/Editor/SpeedTreeImporter/Content/SpeedTree9/SpeedTreeBillboardMaster.uexp" 399
"../../../Engine/Plugins/Editor/SpeedTreeImporter/Content/SpeedTree9/SpeedTreeCameraFacing.uasset" 400
"../../../Engine/Plugins/Editor/SpeedTreeImporter/Content/SpeedTree9/SpeedTreeCameraFacing.uexp" 401
"../../../Engine/Plugins/Editor/SpeedTreeImporter/Content/SpeedTree9/SpeedTreeMaster.uasset" 402
"../../../Engine/Plugins/Editor/SpeedTreeImporter/Content/SpeedTree9/SpeedTreeMaster.uexp" 403
"../../../Engine/Content/ArtTools/RenderToTexture/Materials/Debug/M_Emissive_Color.uasset" 404
"../../../Engine/Content/ArtTools/RenderToTexture/Materials/Debug/M_Emissive_Color.uexp" 405
"../../../Engine/Content/BasicShapes/Cylinder.uasset" 406
"../../../Engine/Content/BasicShapes/Cylinder.uexp" 407
"../../../Engine/Plugins/Lumin/MagicLeapPassableWorld/Content/MagicLeapARPinInfoActor.uasset" 408
"../../../Engine/Plugins/Lumin/MagicLeapPassableWorld/Content/MagicLeapARPinInfoActor.uexp" 409
"../../../Engine/Content/EngineResources/Black.uasset" 410
"../../../Engine/Content/EngineResources/Black.uexp" 411
"../../../Engine/Plugins/Runtime/OpenXR/Content/Devices/GoogleDaydream/MRTexture.uasset" 412
"../../../Engine/Plugins/Runtime/OpenXR/Content/Devices/GoogleDaydream/MRTexture.uexp" 413
"../../../Engine/Plugins/Runtime/OpenXR/Content/Devices/GoogleDaydream/MRTexture.ubulk" 414
"../../../Engine/Plugins/Runtime/OpenXR/Content/Devices/GoogleDaydream/BaseTexture.uasset" 415
"../../../Engine/Plugins/Runtime/OpenXR/Content/Devices/GoogleDaydream/BaseTexture.uexp" 416
"../../../Engine/Plugins/Runtime/OpenXR/Content/Devices/GoogleDaydream/BaseTexture.ubulk" 417
"../../../Engine/Plugins/Runtime/OpenXR/Content/Devices/M_XRController.uasset" 418
"../../../Engine/Plugins/Runtime/OpenXR/Content/Devices/M_XRController.uexp" 419
"../../../Engine/Plugins/Runtime/OpenXR/Content/Devices/GoogleDaydream/MI_GoogleDaydream.uasset" 420
"../../../Engine/Plugins/Runtime/OpenXR/Content/Devices/GoogleDaydream/MI_GoogleDaydream.uexp" 421
"../../../Engine/Plugins/Runtime/OpenXR/Content/Devices/GoogleDaydream/GoogleDaydreamController.uasset" 422
"../../../Engine/Plugins/Runtime/OpenXR/Content/Devices/GoogleDaydream/GoogleDaydreamController.uexp" 423
"../../../Engine/Plugins/Runtime/OpenXR/Content/Devices/HTCVive/BaseTexture.uasset" 424
"../../../Engine/Plugins/Runtime/OpenXR/Content/Devices/HTCVive/BaseTexture.uexp" 425
"../../../Engine/Plugins/Runtime/OpenXR/Content/Devices/HTCVive/BaseTexture.ubulk" 426
"../../../Engine/Plugins/Runtime/OpenXR/Content/Devices/HTCVive/MI_HTCVive.uasset" 427
"../../../Engine/Plugins/Runtime/OpenXR/Content/Devices/HTCVive/MI_HTCVive.uexp" 428
"../../../Engine/Plugins/Runtime/OpenXR/Content/Devices/HTCVive/HTCViveController.uasset" 429
"../../../Engine/Plugins/Runtime/OpenXR/Content/Devices/HTCVive/HTCViveController.uexp" 430
"../../../Engine/Plugins/Runtime/OpenXR/Content/Devices/MicrosoftMixedReality/NormalTexture.uasset" 431
"../../../Engine/Plugins/Runtime/OpenXR/Content/Devices/MicrosoftMixedReality/NormalTexture.uexp" 432
"../../../Engine/Plugins/Runtime/OpenXR/Content/Devices/MicrosoftMixedReality/NormalTexture.ubulk" 433
"../../../Engine/Plugins/Runtime/OpenXR/Content/Devices/MicrosoftMixedReality/MRTexture.uasset" 434
"../../../Engine/Plugins/Runtime/OpenXR/Content/Devices/MicrosoftMixedReality/MRTexture.uexp" 435
"../../../Engine/Plugins/Runtime/OpenXR/Content/Devices/MicrosoftMixedReality/MRTexture.ubulk" 436
"../../../Engine/Plugins/Runtime/OpenXR/Content/Devices/MicrosoftMixedReality/EmissiveTexture.uasset" 437
"../../../Engine/Plugins/Runtime/OpenXR/Content/Devices/MicrosoftMixedReality/EmissiveTexture.uexp" 438
"../../../Engine/Plugins/Runtime/OpenXR/Content/Devices/MicrosoftMixedReality/EmissiveTexture.ubulk" 439
"../../../Engine/Plugins/Runtime/OpenXR/Content/Devices/MicrosoftMixedReality/BaseTexture.uasset" 440
"../../../Engine/Plugins/Runtime/OpenXR/Content/Devices/MicrosoftMixedReality/BaseTexture.uexp" 441
"../../../Engine/Plugins/Runtime/OpenXR/Content/Devices/MicrosoftMixedReality/BaseTexture.ubulk" 442
"../../../Engine/Plugins/Runtime/OpenXR/Content/Devices/MicrosoftMixedReality/MI_MicrosoftMixedReality.uasset" 443
"../../../Engine/Plugins/Runtime/OpenXR/Content/Devices/MicrosoftMixedReality/MI_MicrosoftMixedReality.uexp" 444
"../../../Engine/Plugins/Runtime/OpenXR/Content/Devices/MicrosoftMixedReality/Left/left_MicrosoftMixedRealityController.uasset" 445
"../../../Engine/Plugins/Runtime/OpenXR/Content/Devices/MicrosoftMixedReality/Left/left_MicrosoftMixedRealityController.uexp" 446
"../../../Engine/Plugins/Runtime/OpenXR/Content/Devices/MicrosoftMixedReality/Right/right_MicrosoftMixedRealityController.uasset" 447
"../../../Engine/Plugins/Runtime/OpenXR/Content/Devices/MicrosoftMixedReality/Right/right_MicrosoftMixedRealityController.uexp" 448
"../../../Engine/Plugins/Runtime/OpenXR/Content/Devices/OculusGo/BaseTexture.uasset" 449
"../../../Engine/Plugins/Runtime/OpenXR/Content/Devices/OculusGo/BaseTexture.uexp" 450
"../../../Engine/Plugins/Runtime/OpenXR/Content/Devices/OculusGo/BaseTexture.ubulk" 451
"../../../Engine/Plugins/Runtime/OpenXR/Content/Devices/OculusGo/MI_OculusGo.uasset" 452
"../../../Engine/Plugins/Runtime/OpenXR/Content/Devices/OculusGo/MI_OculusGo.uexp" 453
"../../../Engine/Plugins/Runtime/OpenXR/Content/Devices/OculusGo/OculusGoController.uasset" 454
"../../../Engine/Plugins/Runtime/OpenXR/Content/Devices/OculusGo/OculusGoController.uexp" 455
"../../../Engine/Plugins/Runtime/OpenXR/Content/Devices/OculusTouch/MRTexture.uasset" 456
"../../../Engine/Plugins/Runtime/OpenXR/Content/Devices/OculusTouch/MRTexture.uexp" 457
"../../../Engine/Plugins/Runtime/OpenXR/Content/Devices/OculusTouch/MRTexture.ubulk" 458
"../../../Engine/Plugins/Runtime/OpenXR/Content/Devices/OculusTouch/BaseTexture.uasset" 459
"../../../Engine/Plugins/Runtime/OpenXR/Content/Devices/OculusTouch/BaseTexture.uexp" 460
"../../../Engine/Plugins/Runtime/OpenXR/Content/Devices/OculusTouch/BaseTexture.ubulk" 461
"../../../Engine/Plugins/Runtime/OpenXR/Content/Devices/OculusTouch/MI_OculusTouch.uasset" 462
"../../../Engine/Plugins/Runtime/OpenXR/Content/Devices/OculusTouch/MI_OculusTouch.uexp" 463
"../../../Engine/Plugins/Runtime/OpenXR/Content/Devices/OculusTouch/Left/left_OculusTouchController.uasset" 464
"../../../Engine/Plugins/Runtime/OpenXR/Content/Devices/OculusTouch/Left/left_OculusTouchController.uexp" 465
"../../../Engine/Plugins/Runtime/OpenXR/Content/Devices/OculusTouch/Right/right_OculusTouchController.uasset" 466
"../../../Engine/Plugins/Runtime/OpenXR/Content/Devices/OculusTouch/Right/right_OculusTouchController.uexp" 467
"../../../Engine/Plugins/Runtime/OpenXR/Content/Devices/OculusTouch_v2/MRTexture.uasset" 468
"../../../Engine/Plugins/Runtime/OpenXR/Content/Devices/OculusTouch_v2/MRTexture.uexp" 469
"../../../Engine/Plugins/Runtime/OpenXR/Content/Devices/OculusTouch_v2/MRTexture.ubulk" 470
"../../../Engine/Plugins/Runtime/OpenXR/Content/Devices/OculusTouch_v2/BaseTexture.uasset" 471
"../../../Engine/Plugins/Runtime/OpenXR/Content/Devices/OculusTouch_v2/BaseTexture.uexp" 472
"../../../Engine/Plugins/Runtime/OpenXR/Content/Devices/OculusTouch_v2/BaseTexture.ubulk" 473
"../../../Engine/Plugins/Runtime/OpenXR/Content/Devices/OculusTouch_v2/MI_OculusTouch_v2.uasset" 474
"../../../Engine/Plugins/Runtime/OpenXR/Content/Devices/OculusTouch_v2/MI_OculusTouch_v2.uexp" 475
"../../../Engine/Plugins/Runtime/OpenXR/Content/Devices/OculusTouch_v2/Left/left_OculusTouch_v2Controller.uasset" 476
"../../../Engine/Plugins/Runtime/OpenXR/Content/Devices/OculusTouch_v2/Left/left_OculusTouch_v2Controller.uexp" 477
"../../../Engine/Plugins/Runtime/OpenXR/Content/Devices/OculusTouch_v2/Right/right_OculusTouch_v2Controller.uasset" 478
"../../../Engine/Plugins/Runtime/OpenXR/Content/Devices/OculusTouch_v2/Right/right_OculusTouch_v2Controller.uexp" 479
"../../../Engine/Plugins/Runtime/OpenXR/Content/Devices/OculusTouch_v3/MRTexture.uasset" 480
"../../../Engine/Plugins/Runtime/OpenXR/Content/Devices/OculusTouch_v3/MRTexture.uexp" 481
"../../../Engine/Plugins/Runtime/OpenXR/Content/Devices/OculusTouch_v3/MRTexture.ubulk" 482
"../../../Engine/Plugins/Runtime/OpenXR/Content/Devices/OculusTouch_v3/BaseTexture.uasset" 483
"../../../Engine/Plugins/Runtime/OpenXR/Content/Devices/OculusTouch_v3/BaseTexture.uexp" 484
"../../../Engine/Plugins/Runtime/OpenXR/Content/Devices/OculusTouch_v3/BaseTexture.ubulk" 485
"../../../Engine/Plugins/Runtime/OpenXR/Content/Devices/OculusTouch_v3/MI_OculusTouch_v3.uasset" 486
"../../../Engine/Plugins/Runtime/OpenXR/Content/Devices/OculusTouch_v3/MI_OculusTouch_v3.uexp" 487
"../../../Engine/Plugins/Runtime/OpenXR/Content/Devices/OculusTouch_v3/Left/left_OculusTouch_v3Controller.uasset" 488
"../../../Engine/Plugins/Runtime/OpenXR/Content/Devices/OculusTouch_v3/Left/left_OculusTouch_v3Controller.uexp" 489
"../../../Engine/Plugins/Runtime/OpenXR/Content/Devices/OculusTouch_v3/Right/right_OculusTouch_v3Controller.uasset" 490
"../../../Engine/Plugins/Runtime/OpenXR/Content/Devices/OculusTouch_v3/Right/right_OculusTouch_v3Controller.uexp" 491
"../../../Engine/Plugins/Runtime/OpenXR/Content/Devices/ValveIndex/MRTexture.uasset" 492
"../../../Engine/Plugins/Runtime/OpenXR/Content/Devices/ValveIndex/MRTexture.uexp" 493
"../../../Engine/Plugins/Runtime/OpenXR/Content/Devices/ValveIndex/MRTexture.ubulk" 494
"../../../Engine/Plugins/Runtime/OpenXR/Content/Devices/ValveIndex/BaseTexture.uasset" 495
"../../../Engine/Plugins/Runtime/OpenXR/Content/Devices/ValveIndex/BaseTexture.uexp" 496
"../../../Engine/Plugins/Runtime/OpenXR/Content/Devices/ValveIndex/BaseTexture.ubulk" 497
"../../../Engine/Plugins/Runtime/OpenXR/Content/Devices/ValveIndex/Left/MI_left_ValveIndex.uasset" 498
"../../../Engine/Plugins/Runtime/OpenXR/Content/Devices/ValveIndex/Left/MI_left_ValveIndex.uexp" 499
"../../../Engine/Plugins/Runtime/OpenXR/Content/Devices/ValveIndex/Left/left_ValveIndexController.uasset" 500
"../../../Engine/Plugins/Runtime/OpenXR/Content/Devices/ValveIndex/Left/left_ValveIndexController.uexp" 501
"../../../Engine/Plugins/Runtime/OpenXR/Content/Devices/ValveIndex/Right/MI_right_ValveIndex.uasset" 502
"../../../Engine/Plugins/Runtime/OpenXR/Content/Devices/ValveIndex/Right/MI_right_ValveIndex.uexp" 503
"../../../Engine/Plugins/Runtime/OpenXR/Content/Devices/ValveIndex/Right/right_ValveIndexController.uasset" 504
"../../../Engine/Plugins/Runtime/OpenXR/Content/Devices/ValveIndex/Right/right_ValveIndexController.uexp" 505
"../../../Engine/Content/Functions/Engine_MaterialFunctions02/Utility/BreakOutFloat4Components.uasset" 506
"../../../Engine/Content/Functions/Engine_MaterialFunctions02/Utility/BreakOutFloat4Components.uexp" 507
"../../../Engine/Content/Functions/Engine_MaterialFunctions02/Utility/MakeFloat3.uasset" 508
"../../../Engine/Content/Functions/Engine_MaterialFunctions02/Utility/MakeFloat3.uexp" 509
"../../../Engine/Plugins/Runtime/Oculus/OculusVR/Content/Materials/OculusMR_ChromaKey.uasset" 510
"../../../Engine/Plugins/Runtime/Oculus/OculusVR/Content/Materials/OculusMR_ChromaKey.uexp" 511
"../../../Engine/Plugins/Runtime/Oculus/OculusVR/Content/Materials/OculusMR_OpaqueColoredMaterial.uasset" 512
"../../../Engine/Plugins/Runtime/Oculus/OculusVR/Content/Materials/OculusMR_OpaqueColoredMaterial.uexp" 513
"../../../Engine/Plugins/Runtime/Oculus/OculusVR/Content/Materials/PokeAHoleMaterial.uasset" 514
"../../../Engine/Plugins/Runtime/Oculus/OculusVR/Content/Materials/PokeAHoleMaterial.uexp" 515
"../../../Engine/Plugins/Runtime/Oculus/OculusVR/Content/Textures/touchController_controlmap.uasset" 516
"../../../Engine/Plugins/Runtime/Oculus/OculusVR/Content/Textures/touchController_controlmap.uexp" 517
"../../../Engine/Plugins/Runtime/Oculus/OculusVR/Content/Textures/touchController_controlmap.ubulk" 518
"../../../Engine/Plugins/Runtime/Oculus/OculusVR/Content/Textures/touchController_albedo.uasset" 519
"../../../Engine/Plugins/Runtime/Oculus/OculusVR/Content/Textures/touchController_albedo.uexp" 520
"../../../Engine/Plugins/Runtime/Oculus/OculusVR/Content/Textures/touchController_albedo.ubulk" 521
"../../../Engine/Plugins/Runtime/Oculus/OculusVR/Content/Materials/touchController_mat.uasset" 522
"../../../Engine/Plugins/Runtime/Oculus/OculusVR/Content/Materials/touchController_mat.uexp" 523
"../../../Engine/Plugins/Runtime/Oculus/OculusVR/Content/Meshes/LeftTouchController.uasset" 524
"../../../Engine/Plugins/Runtime/Oculus/OculusVR/Content/Meshes/LeftTouchController.uexp" 525
"../../../Engine/Plugins/Runtime/Oculus/OculusVR/Content/Textures/TouchForQuestRiftSController_albedo.uasset" 526
"../../../Engine/Plugins/Runtime/Oculus/OculusVR/Content/Textures/TouchForQuestRiftSController_albedo.uexp" 527
"../../../Engine/Plugins/Runtime/Oculus/OculusVR/Content/Textures/TouchForQuestRiftSController_albedo.ubulk" 528
"../../../Engine/Plugins/Runtime/Oculus/OculusVR/Content/Materials/TouchForQuestRiftSControllerMaterial.uasset" 529
"../../../Engine/Plugins/Runtime/Oculus/OculusVR/Content/Materials/TouchForQuestRiftSControllerMaterial.uexp" 530
"../../../Engine/Plugins/Runtime/Oculus/OculusVR/Content/Meshes/LeftTouchForQuestRiftSController.uasset" 531
"../../../Engine/Plugins/Runtime/Oculus/OculusVR/Content/Meshes/LeftTouchForQuestRiftSController.uexp" 532
"../../../Engine/Plugins/Runtime/Oculus/OculusVR/Content/Meshes/RiftHMD.uasset" 533
"../../../Engine/Plugins/Runtime/Oculus/OculusVR/Content/Meshes/RiftHMD.uexp" 534
"../../../Engine/Plugins/Runtime/Oculus/OculusVR/Content/Meshes/RightTouchController.uasset" 535
"../../../Engine/Plugins/Runtime/Oculus/OculusVR/Content/Meshes/RightTouchController.uexp" 536
"../../../Engine/Plugins/Runtime/Oculus/OculusVR/Content/Meshes/RightTouchForQuestRiftSController.uasset" 537
"../../../Engine/Plugins/Runtime/Oculus/OculusVR/Content/Meshes/RightTouchForQuestRiftSController.uexp" 538
"C:/Users/nicol/Documents/Unreal Projects/ProjectSNK/Content/Level/LevelBase_BuiltData.uasset" 539
"C:/Users/nicol/Documents/Unreal Projects/ProjectSNK/Content/Level/LevelBase_BuiltData.uexp" 540
"C:/Users/nicol/Documents/Unreal Projects/ProjectSNK/Content/Level/LevelBase_BuiltData.ubulk" 541
"C:/Users/nicol/Documents/Unreal Projects/ProjectSNK/Content/Smashable/Texture/character_run-Sheet.uasset" 542
"C:/Users/nicol/Documents/Unreal Projects/ProjectSNK/Content/Smashable/Texture/character_run-Sheet.uexp" 543
"C:/Users/nicol/Documents/Unreal Projects/ProjectSNK/Content/Smashable/Texture/character_run-Sheet.ubulk" 544
"C:/Users/nicol/Documents/Unreal Projects/ProjectSNK/Content/Smashable/Sprite/character_run-Sheet_Sprite_7.uasset" 545
"C:/Users/nicol/Documents/Unreal Projects/ProjectSNK/Content/Smashable/Sprite/character_run-Sheet_Sprite_7.uexp" 546
"C:/Users/nicol/Documents/Unreal Projects/ProjectSNK/Content/Smashable/Sprite/character_run-Sheet_Sprite_6.uasset" 547
"C:/Users/nicol/Documents/Unreal Projects/ProjectSNK/Content/Smashable/Sprite/character_run-Sheet_Sprite_6.uexp" 548
"C:/Users/nicol/Documents/Unreal Projects/ProjectSNK/Content/Smashable/Sprite/character_run-Sheet_Sprite_5.uasset" 549
"C:/Users/nicol/Documents/Unreal Projects/ProjectSNK/Content/Smashable/Sprite/character_run-Sheet_Sprite_5.uexp" 550
"C:/Users/nicol/Documents/Unreal Projects/ProjectSNK/Content/Smashable/Sprite/character_run-Sheet_Sprite_4.uasset" 551
"C:/Users/nicol/Documents/Unreal Projects/ProjectSNK/Content/Smashable/Sprite/character_run-Sheet_Sprite_4.uexp" 552
"C:/Users/nicol/Documents/Unreal Projects/ProjectSNK/Content/Smashable/Sprite/character_run-Sheet_Sprite_3.uasset" 553
"C:/Users/nicol/Documents/Unreal Projects/ProjectSNK/Content/Smashable/Sprite/character_run-Sheet_Sprite_3.uexp" 554
"C:/Users/nicol/Documents/Unreal Projects/ProjectSNK/Content/Smashable/Sprite/character_run-Sheet_Sprite_2.uasset" 555
"C:/Users/nicol/Documents/Unreal Projects/ProjectSNK/Content/Smashable/Sprite/character_run-Sheet_Sprite_2.uexp" 556
"C:/Users/nicol/Documents/Unreal Projects/ProjectSNK/Content/Smashable/Sprite/character_run-Sheet_Sprite_1.uasset" 557
"C:/Users/nicol/Documents/Unreal Projects/ProjectSNK/Content/Smashable/Sprite/character_run-Sheet_Sprite_1.uexp" 558
"C:/Users/nicol/Documents/Unreal Projects/ProjectSNK/Content/Smashable/Sprite/character_run-Sheet_Sprite_0.uasset" 559
"C:/Users/nicol/Documents/Unreal Projects/ProjectSNK/Content/Smashable/Sprite/character_run-Sheet_Sprite_0.uexp" 560
"C:/Users/nicol/Documents/Unreal Projects/ProjectSNK/Content/Smashable/Sprite/Runninghuman.uasset" 561
"C:/Users/nicol/Documents/Unreal Projects/ProjectSNK/Content/Smashable/Sprite/Runninghuman.uexp" 562
"C:/Users/nicol/Documents/Unreal Projects/ProjectSNK/Content/Smashable/Texture/character_crushed-Sheet.uasset" 563
"C:/Users/nicol/Documents/Unreal Projects/ProjectSNK/Content/Smashable/Texture/character_crushed-Sheet.uexp" 564
"C:/Users/nicol/Documents/Unreal Projects/ProjectSNK/Content/Smashable/Sprite/character_crushed-Sheet_Sprite_5.uasset" 565
"C:/Users/nicol/Documents/Unreal Projects/ProjectSNK/Content/Smashable/Sprite/character_crushed-Sheet_Sprite_5.uexp" 566
"C:/Users/nicol/Documents/Unreal Projects/ProjectSNK/Content/Smashable/Sprite/character_crushed-Sheet_Sprite_4.uasset" 567
"C:/Users/nicol/Documents/Unreal Projects/ProjectSNK/Content/Smashable/Sprite/character_crushed-Sheet_Sprite_4.uexp" 568
"C:/Users/nicol/Documents/Unreal Projects/ProjectSNK/Content/Smashable/Sprite/character_crushed-Sheet_Sprite_3.uasset" 569
"C:/Users/nicol/Documents/Unreal Projects/ProjectSNK/Content/Smashable/Sprite/character_crushed-Sheet_Sprite_3.uexp" 570
"C:/Users/nicol/Documents/Unreal Projects/ProjectSNK/Content/Smashable/Sprite/character_crushed-Sheet_Sprite_2.uasset" 571
"C:/Users/nicol/Documents/Unreal Projects/ProjectSNK/Content/Smashable/Sprite/character_crushed-Sheet_Sprite_2.uexp" 572
"C:/Users/nicol/Documents/Unreal Projects/ProjectSNK/Content/Smashable/Sprite/character_crushed-Sheet_Sprite_1.uasset" 573
"C:/Users/nicol/Documents/Unreal Projects/ProjectSNK/Content/Smashable/Sprite/character_crushed-Sheet_Sprite_1.uexp" 574
"C:/Users/nicol/Documents/Unreal Projects/ProjectSNK/Content/Smashable/Sprite/character_crushed-Sheet_Sprite_0.uasset" 575
"C:/Users/nicol/Documents/Unreal Projects/ProjectSNK/Content/Smashable/Sprite/character_crushed-Sheet_Sprite_0.uexp" 576
"C:/Users/nicol/Documents/Unreal Projects/ProjectSNK/Content/Smashable/Sprite/character_crushed-Sheet1.uasset" 577
"C:/Users/nicol/Documents/Unreal Projects/ProjectSNK/Content/Smashable/Sprite/character_crushed-Sheet1.uexp" 578
"C:/Users/nicol/Documents/Unreal Projects/ProjectSNK/Content/Smashable/Texture/blood-Sheet.uasset" 579
"C:/Users/nicol/Documents/Unreal Projects/ProjectSNK/Content/Smashable/Texture/blood-Sheet.uexp" 580
"C:/Users/nicol/Documents/Unreal Projects/ProjectSNK/Content/Smashable/Sprite/blood-Sheet_Sprite_9.uasset" 581
"C:/Users/nicol/Documents/Unreal Projects/ProjectSNK/Content/Smashable/Sprite/blood-Sheet_Sprite_9.uexp" 582
"C:/Users/nicol/Documents/Unreal Projects/ProjectSNK/Content/Smashable/Sprite/blood-Sheet_Sprite_8.uasset" 583
"C:/Users/nicol/Documents/Unreal Projects/ProjectSNK/Content/Smashable/Sprite/blood-Sheet_Sprite_8.uexp" 584
"C:/Users/nicol/Documents/Unreal Projects/ProjectSNK/Content/Smashable/Sprite/blood-Sheet_Sprite_7.uasset" 585
"C:/Users/nicol/Documents/Unreal Projects/ProjectSNK/Content/Smashable/Sprite/blood-Sheet_Sprite_7.uexp" 586
"C:/Users/nicol/Documents/Unreal Projects/ProjectSNK/Content/Smashable/Sprite/blood-Sheet_Sprite_6.uasset" 587
"C:/Users/nicol/Documents/Unreal Projects/ProjectSNK/Content/Smashable/Sprite/blood-Sheet_Sprite_6.uexp" 588
"C:/Users/nicol/Documents/Unreal Projects/ProjectSNK/Content/Smashable/Sprite/blood-Sheet_Sprite_5.uasset" 589
"C:/Users/nicol/Documents/Unreal Projects/ProjectSNK/Content/Smashable/Sprite/blood-Sheet_Sprite_5.uexp" 590
"C:/Users/nicol/Documents/Unreal Projects/ProjectSNK/Content/Smashable/Sprite/blood-Sheet_Sprite_4.uasset" 591
"C:/Users/nicol/Documents/Unreal Projects/ProjectSNK/Content/Smashable/Sprite/blood-Sheet_Sprite_4.uexp" 592
"C:/Users/nicol/Documents/Unreal Projects/ProjectSNK/Content/Smashable/Sprite/blood-Sheet_Sprite_3.uasset" 593
"C:/Users/nicol/Documents/Unreal Projects/ProjectSNK/Content/Smashable/Sprite/blood-Sheet_Sprite_3.uexp" 594
"C:/Users/nicol/Documents/Unreal Projects/ProjectSNK/Content/Smashable/Sprite/blood-Sheet_Sprite_2.uasset" 595
"C:/Users/nicol/Documents/Unreal Projects/ProjectSNK/Content/Smashable/Sprite/blood-Sheet_Sprite_2.uexp" 596
"C:/Users/nicol/Documents/Unreal Projects/ProjectSNK/Content/Smashable/Sprite/blood-Sheet_Sprite_12.uasset" 597
"C:/Users/nicol/Documents/Unreal Projects/ProjectSNK/Content/Smashable/Sprite/blood-Sheet_Sprite_12.uexp" 598
"C:/Users/nicol/Documents/Unreal Projects/ProjectSNK/Content/Smashable/Sprite/blood-Sheet_Sprite_11.uasset" 599
"C:/Users/nicol/Documents/Unreal Projects/ProjectSNK/Content/Smashable/Sprite/blood-Sheet_Sprite_11.uexp" 600
"C:/Users/nicol/Documents/Unreal Projects/ProjectSNK/Content/Smashable/Sprite/blood-Sheet_Sprite_10.uasset" 601
"C:/Users/nicol/Documents/Unreal Projects/ProjectSNK/Content/Smashable/Sprite/blood-Sheet_Sprite_10.uexp" 602
"C:/Users/nicol/Documents/Unreal Projects/ProjectSNK/Content/Smashable/Sprite/blood-Sheet_Sprite_1.uasset" 603
"C:/Users/nicol/Documents/Unreal Projects/ProjectSNK/Content/Smashable/Sprite/blood-Sheet_Sprite_1.uexp" 604
"C:/Users/nicol/Documents/Unreal Projects/ProjectSNK/Content/Smashable/Sprite/blood-Sheet_Sprite_0.uasset" 605
"C:/Users/nicol/Documents/Unreal Projects/ProjectSNK/Content/Smashable/Sprite/blood-Sheet_Sprite_0.uexp" 606
"C:/Users/nicol/Documents/Unreal Projects/ProjectSNK/Content/Smashable/Sprite/blood-Sheet1.uasset" 607
"C:/Users/nicol/Documents/Unreal Projects/ProjectSNK/Content/Smashable/Sprite/blood-Sheet1.uexp" 608
"C:/Users/nicol/Documents/Unreal Projects/ProjectSNK/Content/Smashable/Blueprint/mixkit-gore-video-game-blood-splash-263.uasset" 609
"C:/Users/nicol/Documents/Unreal Projects/ProjectSNK/Content/Smashable/Blueprint/mixkit-gore-video-game-blood-splash-263.uexp" 610
"C:/Users/nicol/Documents/Unreal Projects/ProjectSNK/Content/Smashable/Blueprint/AnimDeath.uasset" 611
"C:/Users/nicol/Documents/Unreal Projects/ProjectSNK/Content/Smashable/Blueprint/AnimDeath.uexp" 612
"C:/Users/nicol/Documents/Unreal Projects/ProjectSNK/Content/Gameplay/Score_End.uasset" 613
"C:/Users/nicol/Documents/Unreal Projects/ProjectSNK/Content/Gameplay/Score_End.uexp" 614
"C:/Users/nicol/Documents/Unreal Projects/ProjectSNK/Content/Gameplay/SNKcontroller.uasset" 615
"C:/Users/nicol/Documents/Unreal Projects/ProjectSNK/Content/Gameplay/SNKcontroller.uexp" 616
"C:/Users/nicol/Documents/Unreal Projects/ProjectSNK/Content/Gameplay/TextScore.uasset" 617
"C:/Users/nicol/Documents/Unreal Projects/ProjectSNK/Content/Gameplay/TextScore.uexp" 618
"C:/Users/nicol/Documents/Unreal Projects/ProjectSNK/Content/Gameplay/chrono.uasset" 619
"C:/Users/nicol/Documents/Unreal Projects/ProjectSNK/Content/Gameplay/chrono.uexp" 620
"C:/Users/nicol/Documents/Unreal Projects/ProjectSNK/Content/Foot/Texture/titan_foot_stick.uasset" 621
"C:/Users/nicol/Documents/Unreal Projects/ProjectSNK/Content/Foot/Texture/titan_foot_stick.uexp" 622
"C:/Users/nicol/Documents/Unreal Projects/ProjectSNK/Content/Foot/Sprite/titan_foot_stick_Sprite.uasset" 623
"C:/Users/nicol/Documents/Unreal Projects/ProjectSNK/Content/Foot/Sprite/titan_foot_stick_Sprite.uexp" 624
"C:/Users/nicol/Documents/Unreal Projects/ProjectSNK/Content/Foot/Blueprint/PaperCharacterFoot.uasset" 625
"C:/Users/nicol/Documents/Unreal Projects/ProjectSNK/Content/Foot/Blueprint/PaperCharacterFoot.uexp" 626
"C:/Users/nicol/Documents/Unreal Projects/ProjectSNK/Content/Gameplay/GameModeSNK.uasset" 627
"C:/Users/nicol/Documents/Unreal Projects/ProjectSNK/Content/Gameplay/GameModeSNK.uexp" 628
"C:/Users/nicol/Documents/Unreal Projects/ProjectSNK/Content/Smashable/Blueprint/HumanFallFlat.uasset" 629
"C:/Users/nicol/Documents/Unreal Projects/ProjectSNK/Content/Smashable/Blueprint/HumanFallFlat.uexp" 630
"C:/Users/nicol/Documents/Unreal Projects/ProjectSNK/Content/Gameplay/SpawnHuman.uasset" 631
"C:/Users/nicol/Documents/Unreal Projects/ProjectSNK/Content/Gameplay/SpawnHuman.uexp" 632
"C:/Users/nicol/Documents/Unreal Projects/ProjectSNK/Content/Smashable/Texture/slime-Sheet.uasset" 633
"C:/Users/nicol/Documents/Unreal Projects/ProjectSNK/Content/Smashable/Texture/slime-Sheet.uexp" 634
"C:/Users/nicol/Documents/Unreal Projects/ProjectSNK/Content/Smashable/Sprite/slime-Sheet_Sprite_9.uasset" 635
"C:/Users/nicol/Documents/Unreal Projects/ProjectSNK/Content/Smashable/Sprite/slime-Sheet_Sprite_9.uexp" 636
"C:/Users/nicol/Documents/Unreal Projects/ProjectSNK/Content/Smashable/Sprite/slime-Sheet_Sprite_8.uasset" 637
"C:/Users/nicol/Documents/Unreal Projects/ProjectSNK/Content/Smashable/Sprite/slime-Sheet_Sprite_8.uexp" 638
"C:/Users/nicol/Documents/Unreal Projects/ProjectSNK/Content/Smashable/Sprite/slime-Sheet_Sprite_7.uasset" 639
"C:/Users/nicol/Documents/Unreal Projects/ProjectSNK/Content/Smashable/Sprite/slime-Sheet_Sprite_7.uexp" 640
"C:/Users/nicol/Documents/Unreal Projects/ProjectSNK/Content/Smashable/Sprite/slime-Sheet_Sprite_6.uasset" 641
"C:/Users/nicol/Documents/Unreal Projects/ProjectSNK/Content/Smashable/Sprite/slime-Sheet_Sprite_6.uexp" 642
"C:/Users/nicol/Documents/Unreal Projects/ProjectSNK/Content/Smashable/Sprite/slime-Sheet_Sprite_5.uasset" 643
"C:/Users/nicol/Documents/Unreal Projects/ProjectSNK/Content/Smashable/Sprite/slime-Sheet_Sprite_5.uexp" 644
"C:/Users/nicol/Documents/Unreal Projects/ProjectSNK/Content/Smashable/Sprite/slime-Sheet_Sprite_4.uasset" 645
"C:/Users/nicol/Documents/Unreal Projects/ProjectSNK/Content/Smashable/Sprite/slime-Sheet_Sprite_4.uexp" 646
"C:/Users/nicol/Documents/Unreal Projects/ProjectSNK/Content/Smashable/Sprite/slime-Sheet_Sprite_3.uasset" 647
"C:/Users/nicol/Documents/Unreal Projects/ProjectSNK/Content/Smashable/Sprite/slime-Sheet_Sprite_3.uexp" 648
"C:/Users/nicol/Documents/Unreal Projects/ProjectSNK/Content/Smashable/Sprite/slime-Sheet_Sprite_2.uasset" 649
"C:/Users/nicol/Documents/Unreal Projects/ProjectSNK/Content/Smashable/Sprite/slime-Sheet_Sprite_2.uexp" 650
"C:/Users/nicol/Documents/Unreal Projects/ProjectSNK/Content/Smashable/Sprite/slime-Sheet_Sprite_1.uasset" 651
"C:/Users/nicol/Documents/Unreal Projects/ProjectSNK/Content/Smashable/Sprite/slime-Sheet_Sprite_1.uexp" 652
"C:/Users/nicol/Documents/Unreal Projects/ProjectSNK/Content/Smashable/Sprite/slime-Sheet_Sprite_0.uasset" 653
"C:/Users/nicol/Documents/Unreal Projects/ProjectSNK/Content/Smashable/Sprite/slime-Sheet_Sprite_0.uexp" 654
"C:/Users/nicol/Documents/Unreal Projects/ProjectSNK/Content/Smashable/Sprite/slimeflipbook.uasset" 655
"C:/Users/nicol/Documents/Unreal Projects/ProjectSNK/Content/Smashable/Sprite/slimeflipbook.uexp" 656
"C:/Users/nicol/Documents/Unreal Projects/ProjectSNK/Content/Smashable/Texture/slime_crushed-Sheet.uasset" 657
"C:/Users/nicol/Documents/Unreal Projects/ProjectSNK/Content/Smashable/Texture/slime_crushed-Sheet.uexp" 658
"C:/Users/nicol/Documents/Unreal Projects/ProjectSNK/Content/Smashable/Texture/slime_crushed-Sheet.ubulk" 659
"C:/Users/nicol/Documents/Unreal Projects/ProjectSNK/Content/Smashable/Sprite/slime_crushed-Sheet_Sprite_7.uasset" 660
"C:/Users/nicol/Documents/Unreal Projects/ProjectSNK/Content/Smashable/Sprite/slime_crushed-Sheet_Sprite_7.uexp" 661
"C:/Users/nicol/Documents/Unreal Projects/ProjectSNK/Content/Smashable/Sprite/slime_crushed-Sheet_Sprite_6.uasset" 662
"C:/Users/nicol/Documents/Unreal Projects/ProjectSNK/Content/Smashable/Sprite/slime_crushed-Sheet_Sprite_6.uexp" 663
"C:/Users/nicol/Documents/Unreal Projects/ProjectSNK/Content/Smashable/Sprite/slime_crushed-Sheet_Sprite_5.uasset" 664
"C:/Users/nicol/Documents/Unreal Projects/ProjectSNK/Content/Smashable/Sprite/slime_crushed-Sheet_Sprite_5.uexp" 665
"C:/Users/nicol/Documents/Unreal Projects/ProjectSNK/Content/Smashable/Sprite/slime_crushed-Sheet_Sprite_4.uasset" 666
"C:/Users/nicol/Documents/Unreal Projects/ProjectSNK/Content/Smashable/Sprite/slime_crushed-Sheet_Sprite_4.uexp" 667
"C:/Users/nicol/Documents/Unreal Projects/ProjectSNK/Content/Smashable/Sprite/slime_crushed-Sheet_Sprite_3.uasset" 668
"C:/Users/nicol/Documents/Unreal Projects/ProjectSNK/Content/Smashable/Sprite/slime_crushed-Sheet_Sprite_3.uexp" 669
"C:/Users/nicol/Documents/Unreal Projects/ProjectSNK/Content/Smashable/Sprite/slime_crushed-Sheet_Sprite_2.uasset" 670
"C:/Users/nicol/Documents/Unreal Projects/ProjectSNK/Content/Smashable/Sprite/slime_crushed-Sheet_Sprite_2.uexp" 671
"C:/Users/nicol/Documents/Unreal Projects/ProjectSNK/Content/Smashable/Sprite/slime_crushed-Sheet_Sprite_1.uasset" 672
"C:/Users/nicol/Documents/Unreal Projects/ProjectSNK/Content/Smashable/Sprite/slime_crushed-Sheet_Sprite_1.uexp" 673
"C:/Users/nicol/Documents/Unreal Projects/ProjectSNK/Content/Smashable/Sprite/slime_crushed-Sheet_Sprite_0.uasset" 674
"C:/Users/nicol/Documents/Unreal Projects/ProjectSNK/Content/Smashable/Sprite/slime_crushed-Sheet_Sprite_0.uexp" 675
"C:/Users/nicol/Documents/Unreal Projects/ProjectSNK/Content/Smashable/Sprite/slimedeath.uasset" 676
"C:/Users/nicol/Documents/Unreal Projects/ProjectSNK/Content/Smashable/Sprite/slimedeath.uexp" 677
"C:/Users/nicol/Documents/Unreal Projects/ProjectSNK/Content/Smashable/Blueprint/animdeathslime.uasset" 678
"C:/Users/nicol/Documents/Unreal Projects/ProjectSNK/Content/Smashable/Blueprint/animdeathslime.uexp" 679
"C:/Users/nicol/Documents/Unreal Projects/ProjectSNK/Content/Smashable/Blueprint/slime.uasset" 680
"C:/Users/nicol/Documents/Unreal Projects/ProjectSNK/Content/Smashable/Blueprint/slime.uexp" 681
"C:/Users/nicol/Documents/Unreal Projects/ProjectSNK/Content/Gameplay/slimespawn.uasset" 682
"C:/Users/nicol/Documents/Unreal Projects/ProjectSNK/Content/Gameplay/slimespawn.uexp" 683
"C:/Users/nicol/Documents/Unreal Projects/ProjectSNK/Content/Environement/Texture/wall2.uasset" 684
"C:/Users/nicol/Documents/Unreal Projects/ProjectSNK/Content/Environement/Texture/wall2.uexp" 685
"C:/Users/nicol/Documents/Unreal Projects/ProjectSNK/Content/Environement/Sprite/wall2_Sprite.uasset" 686
"C:/Users/nicol/Documents/Unreal Projects/ProjectSNK/Content/Environement/Sprite/wall2_Sprite.uexp" 687
"C:/Users/nicol/Documents/Unreal Projects/ProjectSNK/Content/Environement/Texture/tree3.uasset" 688
"C:/Users/nicol/Documents/Unreal Projects/ProjectSNK/Content/Environement/Texture/tree3.uexp" 689
"C:/Users/nicol/Documents/Unreal Projects/ProjectSNK/Content/Environement/Sprite/tree3_Sprite.uasset" 690
"C:/Users/nicol/Documents/Unreal Projects/ProjectSNK/Content/Environement/Sprite/tree3_Sprite.uexp" 691
"C:/Users/nicol/Documents/Unreal Projects/ProjectSNK/Content/Environement/Texture/purple_eye.uasset" 692
"C:/Users/nicol/Documents/Unreal Projects/ProjectSNK/Content/Environement/Texture/purple_eye.uexp" 693
"C:/Users/nicol/Documents/Unreal Projects/ProjectSNK/Content/Environement/Sprite/purple_eye_Sprite.uasset" 694
"C:/Users/nicol/Documents/Unreal Projects/ProjectSNK/Content/Environement/Sprite/purple_eye_Sprite.uexp" 695
"C:/Users/nicol/Documents/Unreal Projects/ProjectSNK/Content/Environement/Texture/herb1.uasset" 696
"C:/Users/nicol/Documents/Unreal Projects/ProjectSNK/Content/Environement/Texture/herb1.uexp" 697
"C:/Users/nicol/Documents/Unreal Projects/ProjectSNK/Content/Environement/Sprite/herb1_Sprite.uasset" 698
"C:/Users/nicol/Documents/Unreal Projects/ProjectSNK/Content/Environement/Sprite/herb1_Sprite.uexp" 699
"C:/Users/nicol/Documents/Unreal Projects/ProjectSNK/Content/Environement/Texture/green_eye.uasset" 700
"C:/Users/nicol/Documents/Unreal Projects/ProjectSNK/Content/Environement/Texture/green_eye.uexp" 701
"C:/Users/nicol/Documents/Unreal Projects/ProjectSNK/Content/Environement/Sprite/green_eye_Sprite.uasset" 702
"C:/Users/nicol/Documents/Unreal Projects/ProjectSNK/Content/Environement/Sprite/green_eye_Sprite.uexp" 703
"C:/Users/nicol/Documents/Unreal Projects/ProjectSNK/Content/Environement/Texture/cloud4.uasset" 704
"C:/Users/nicol/Documents/Unreal Projects/ProjectSNK/Content/Environement/Texture/cloud4.uexp" 705
"C:/Users/nicol/Documents/Unreal Projects/ProjectSNK/Content/Environement/Sprite/cloud4_Sprite.uasset" 706
"C:/Users/nicol/Documents/Unreal Projects/ProjectSNK/Content/Environement/Sprite/cloud4_Sprite.uexp" 707
"C:/Users/nicol/Documents/Unreal Projects/ProjectSNK/Content/Environement/Texture/blue_eye.uasset" 708
"C:/Users/nicol/Documents/Unreal Projects/ProjectSNK/Content/Environement/Texture/blue_eye.uexp" 709
"C:/Users/nicol/Documents/Unreal Projects/ProjectSNK/Content/Environement/Sprite/blue_eye_Sprite.uasset" 710
"C:/Users/nicol/Documents/Unreal Projects/ProjectSNK/Content/Environement/Sprite/blue_eye_Sprite.uexp" 711
"C:/Users/nicol/Documents/Unreal Projects/ProjectSNK/Content/Environement/Sprite/bloody_background.uasset" 712
"C:/Users/nicol/Documents/Unreal Projects/ProjectSNK/Content/Environement/Sprite/bloody_background.uexp" 713
"C:/Users/nicol/Documents/Unreal Projects/ProjectSNK/Content/Environement/Sprite/bloody_background_Sprite.uasset" 714
"C:/Users/nicol/Documents/Unreal Projects/ProjectSNK/Content/Environement/Sprite/bloody_background_Sprite.uexp" 715
"C:/Users/nicol/Documents/Unreal Projects/ProjectSNK/Content/Environement/Blueprint/CameraActorRail.uasset" 716
"C:/Users/nicol/Documents/Unreal Projects/ProjectSNK/Content/Environement/Blueprint/CameraActorRail.uexp" 717
"C:/Users/nicol/Documents/Unreal Projects/ProjectSNK/Content/Environement/Blueprint/BorderLevel.uasset" 718
"C:/Users/nicol/Documents/Unreal Projects/ProjectSNK/Content/Environement/Blueprint/BorderLevel.uexp" 719
"C:/Users/nicol/Documents/Unreal Projects/ProjectSNK/Content/Environement/Texture/second.uasset" 720
"C:/Users/nicol/Documents/Unreal Projects/ProjectSNK/Content/Environement/Texture/second.uexp" 721
"C:/Users/nicol/Documents/Unreal Projects/ProjectSNK/Content/Environement/Texture/second_Sprite_9.uasset" 722
"C:/Users/nicol/Documents/Unreal Projects/ProjectSNK/Content/Environement/Texture/second_Sprite_9.uexp" 723
"C:/Users/nicol/Documents/Unreal Projects/ProjectSNK/Content/Environement/Texture/second_Sprite_8.uasset" 724
"C:/Users/nicol/Documents/Unreal Projects/ProjectSNK/Content/Environement/Texture/second_Sprite_8.uexp" 725
"C:/Users/nicol/Documents/Unreal Projects/ProjectSNK/Content/Environement/Texture/second_Sprite_7.uasset" 726
"C:/Users/nicol/Documents/Unreal Projects/ProjectSNK/Content/Environement/Texture/second_Sprite_7.uexp" 727
"C:/Users/nicol/Documents/Unreal Projects/ProjectSNK/Content/Environement/Texture/second_Sprite_6.uasset" 728
"C:/Users/nicol/Documents/Unreal Projects/ProjectSNK/Content/Environement/Texture/second_Sprite_6.uexp" 729
"C:/Users/nicol/Documents/Unreal Projects/ProjectSNK/Content/Environement/Texture/second_Sprite_56.uasset" 730
"C:/Users/nicol/Documents/Unreal Projects/ProjectSNK/Content/Environement/Texture/second_Sprite_56.uexp" 731
"C:/Users/nicol/Documents/Unreal Projects/ProjectSNK/Content/Environement/Texture/second_Sprite_55.uasset" 732
"C:/Users/nicol/Documents/Unreal Projects/ProjectSNK/Content/Environement/Texture/second_Sprite_55.uexp" 733
"C:/Users/nicol/Documents/Unreal Projects/ProjectSNK/Content/Environement/Texture/second_Sprite_54.uasset" 734
"C:/Users/nicol/Documents/Unreal Projects/ProjectSNK/Content/Environement/Texture/second_Sprite_54.uexp" 735
"C:/Users/nicol/Documents/Unreal Projects/ProjectSNK/Content/Environement/Texture/second_Sprite_53.uasset" 736
"C:/Users/nicol/Documents/Unreal Projects/ProjectSNK/Content/Environement/Texture/second_Sprite_53.uexp" 737
"C:/Users/nicol/Documents/Unreal Projects/ProjectSNK/Content/Environement/Texture/second_Sprite_52.uasset" 738
"C:/Users/nicol/Documents/Unreal Projects/ProjectSNK/Content/Environement/Texture/second_Sprite_52.uexp" 739
"C:/Users/nicol/Documents/Unreal Projects/ProjectSNK/Content/Environement/Texture/second_Sprite_51.uasset" 740
"C:/Users/nicol/Documents/Unreal Projects/ProjectSNK/Content/Environement/Texture/second_Sprite_51.uexp" 741
"C:/Users/nicol/Documents/Unreal Projects/ProjectSNK/Content/Environement/Texture/second_Sprite_50.uasset" 742
"C:/Users/nicol/Documents/Unreal Projects/ProjectSNK/Content/Environement/Texture/second_Sprite_50.uexp" 743
"C:/Users/nicol/Documents/Unreal Projects/ProjectSNK/Content/Environement/Texture/second_Sprite_5.uasset" 744
"C:/Users/nicol/Documents/Unreal Projects/ProjectSNK/Content/Environement/Texture/second_Sprite_5.uexp" 745
"C:/Users/nicol/Documents/Unreal Projects/ProjectSNK/Content/Environement/Texture/second_Sprite_49.uasset" 746
"C:/Users/nicol/Documents/Unreal Projects/ProjectSNK/Content/Environement/Texture/second_Sprite_49.uexp" 747
"C:/Users/nicol/Documents/Unreal Projects/ProjectSNK/Content/Environement/Texture/second_Sprite_48.uasset" 748
"C:/Users/nicol/Documents/Unreal Projects/ProjectSNK/Content/Environement/Texture/second_Sprite_48.uexp" 749
"C:/Users/nicol/Documents/Unreal Projects/ProjectSNK/Content/Environement/Texture/second_Sprite_47.uasset" 750
"C:/Users/nicol/Documents/Unreal Projects/ProjectSNK/Content/Environement/Texture/second_Sprite_47.uexp" 751
"C:/Users/nicol/Documents/Unreal Projects/ProjectSNK/Content/Environement/Texture/second_Sprite_46.uasset" 752
"C:/Users/nicol/Documents/Unreal Projects/ProjectSNK/Content/Environement/Texture/second_Sprite_46.uexp" 753
"C:/Users/nicol/Documents/Unreal Projects/ProjectSNK/Content/Environement/Texture/second_Sprite_45.uasset" 754
"C:/Users/nicol/Documents/Unreal Projects/ProjectSNK/Content/Environement/Texture/second_Sprite_45.uexp" 755
"C:/Users/nicol/Documents/Unreal Projects/ProjectSNK/Content/Environement/Texture/second_Sprite_44.uasset" 756
"C:/Users/nicol/Documents/Unreal Projects/ProjectSNK/Content/Environement/Texture/second_Sprite_44.uexp" 757
"C:/Users/nicol/Documents/Unreal Projects/ProjectSNK/Content/Environement/Texture/second_Sprite_43.uasset" 758
"C:/Users/nicol/Documents/Unreal Projects/ProjectSNK/Content/Environement/Texture/second_Sprite_43.uexp" 759
"C:/Users/nicol/Documents/Unreal Projects/ProjectSNK/Content/Environement/Texture/second_Sprite_42.uasset" 760
"C:/Users/nicol/Documents/Unreal Projects/ProjectSNK/Content/Environement/Texture/second_Sprite_42.uexp" 761
"C:/Users/nicol/Documents/Unreal Projects/ProjectSNK/Content/Environement/Texture/second_Sprite_41.uasset" 762
"C:/Users/nicol/Documents/Unreal Projects/ProjectSNK/Content/Environement/Texture/second_Sprite_41.uexp" 763
"C:/Users/nicol/Documents/Unreal Projects/ProjectSNK/Content/Environement/Texture/second_Sprite_40.uasset" 764
"C:/Users/nicol/Documents/Unreal Projects/ProjectSNK/Content/Environement/Texture/second_Sprite_40.uexp" 765
"C:/Users/nicol/Documents/Unreal Projects/ProjectSNK/Content/Environement/Texture/second_Sprite_4.uasset" 766
"C:/Users/nicol/Documents/Unreal Projects/ProjectSNK/Content/Environement/Texture/second_Sprite_4.uexp" 767
"C:/Users/nicol/Documents/Unreal Projects/ProjectSNK/Content/Environement/Texture/second_Sprite_39.uasset" 768
"C:/Users/nicol/Documents/Unreal Projects/ProjectSNK/Content/Environement/Texture/second_Sprite_39.uexp" 769
"C:/Users/nicol/Documents/Unreal Projects/ProjectSNK/Content/Environement/Texture/second_Sprite_38.uasset" 770
"C:/Users/nicol/Documents/Unreal Projects/ProjectSNK/Content/Environement/Texture/second_Sprite_38.uexp" 771
"C:/Users/nicol/Documents/Unreal Projects/ProjectSNK/Content/Environement/Texture/second_Sprite_37.uasset" 772
"C:/Users/nicol/Documents/Unreal Projects/ProjectSNK/Content/Environement/Texture/second_Sprite_37.uexp" 773
"C:/Users/nicol/Documents/Unreal Projects/ProjectSNK/Content/Environement/Texture/second_Sprite_36.uasset" 774
"C:/Users/nicol/Documents/Unreal Projects/ProjectSNK/Content/Environement/Texture/second_Sprite_36.uexp" 775
"C:/Users/nicol/Documents/Unreal Projects/ProjectSNK/Content/Environement/Texture/second_Sprite_35.uasset" 776
"C:/Users/nicol/Documents/Unreal Projects/ProjectSNK/Content/Environement/Texture/second_Sprite_35.uexp" 777
"C:/Users/nicol/Documents/Unreal Projects/ProjectSNK/Content/Environement/Texture/second_Sprite_34.uasset" 778
"C:/Users/nicol/Documents/Unreal Projects/ProjectSNK/Content/Environement/Texture/second_Sprite_34.uexp" 779
"C:/Users/nicol/Documents/Unreal Projects/ProjectSNK/Content/Environement/Texture/second_Sprite_33.uasset" 780
"C:/Users/nicol/Documents/Unreal Projects/ProjectSNK/Content/Environement/Texture/second_Sprite_33.uexp" 781
"C:/Users/nicol/Documents/Unreal Projects/ProjectSNK/Content/Environement/Texture/second_Sprite_32.uasset" 782
"C:/Users/nicol/Documents/Unreal Projects/ProjectSNK/Content/Environement/Texture/second_Sprite_32.uexp" 783
"C:/Users/nicol/Documents/Unreal Projects/ProjectSNK/Content/Environement/Texture/second_Sprite_31.uasset" 784
"C:/Users/nicol/Documents/Unreal Projects/ProjectSNK/Content/Environement/Texture/second_Sprite_31.uexp" 785
"C:/Users/nicol/Documents/Unreal Projects/ProjectSNK/Content/Environement/Texture/second_Sprite_30.uasset" 786
"C:/Users/nicol/Documents/Unreal Projects/ProjectSNK/Content/Environement/Texture/second_Sprite_30.uexp" 787
"C:/Users/nicol/Documents/Unreal Projects/ProjectSNK/Content/Environement/Texture/second_Sprite_29.uasset" 788
"C:/Users/nicol/Documents/Unreal Projects/ProjectSNK/Content/Environement/Texture/second_Sprite_29.uexp" 789
"C:/Users/nicol/Documents/Unreal Projects/ProjectSNK/Content/Environement/Texture/second_Sprite_27.uasset" 790
"C:/Users/nicol/Documents/Unreal Projects/ProjectSNK/Content/Environement/Texture/second_Sprite_27.uexp" 791
"C:/Users/nicol/Documents/Unreal Projects/ProjectSNK/Content/Environement/Texture/second_Sprite_26.uasset" 792
"C:/Users/nicol/Documents/Unreal Projects/ProjectSNK/Content/Environement/Texture/second_Sprite_26.uexp" 793
"C:/Users/nicol/Documents/Unreal Projects/ProjectSNK/Content/Environement/Texture/second_Sprite_25.uasset" 794
"C:/Users/nicol/Documents/Unreal Projects/ProjectSNK/Content/Environement/Texture/second_Sprite_25.uexp" 795
"C:/Users/nicol/Documents/Unreal Projects/ProjectSNK/Content/Environement/Texture/second_Sprite_24.uasset" 796
"C:/Users/nicol/Documents/Unreal Projects/ProjectSNK/Content/Environement/Texture/second_Sprite_24.uexp" 797
"C:/Users/nicol/Documents/Unreal Projects/ProjectSNK/Content/Environement/Texture/second_Sprite_23.uasset" 798
"C:/Users/nicol/Documents/Unreal Projects/ProjectSNK/Content/Environement/Texture/second_Sprite_23.uexp" 799
"C:/Users/nicol/Documents/Unreal Projects/ProjectSNK/Content/Environement/Texture/second_Sprite_22.uasset" 800
"C:/Users/nicol/Documents/Unreal Projects/ProjectSNK/Content/Environement/Texture/second_Sprite_22.uexp" 801
"C:/Users/nicol/Documents/Unreal Projects/ProjectSNK/Content/Environement/Texture/second_Sprite_21.uasset" 802
"C:/Users/nicol/Documents/Unreal Projects/ProjectSNK/Content/Environement/Texture/second_Sprite_21.uexp" 803
"C:/Users/nicol/Documents/Unreal Projects/ProjectSNK/Content/Environement/Texture/second_Sprite_20.uasset" 804
"C:/Users/nicol/Documents/Unreal Projects/ProjectSNK/Content/Environement/Texture/second_Sprite_20.uexp" 805
"C:/Users/nicol/Documents/Unreal Projects/ProjectSNK/Content/Environement/Texture/second_Sprite_2.uasset" 806
"C:/Users/nicol/Documents/Unreal Projects/ProjectSNK/Content/Environement/Texture/second_Sprite_2.uexp" 807
"C:/Users/nicol/Documents/Unreal Projects/ProjectSNK/Content/Environement/Texture/second_Sprite_19.uasset" 808
"C:/Users/nicol/Documents/Unreal Projects/ProjectSNK/Content/Environement/Texture/second_Sprite_19.uexp" 809
"C:/Users/nicol/Documents/Unreal Projects/ProjectSNK/Content/Environement/Texture/second_Sprite_18.uasset" 810
"C:/Users/nicol/Documents/Unreal Projects/ProjectSNK/Content/Environement/Texture/second_Sprite_18.uexp" 811
"C:/Users/nicol/Documents/Unreal Projects/ProjectSNK/Content/Environement/Texture/second_Sprite_17.uasset" 812
"C:/Users/nicol/Documents/Unreal Projects/ProjectSNK/Content/Environement/Texture/second_Sprite_17.uexp" 813
"C:/Users/nicol/Documents/Unreal Projects/ProjectSNK/Content/Environement/Texture/second_Sprite_16.uasset" 814
"C:/Users/nicol/Documents/Unreal Projects/ProjectSNK/Content/Environement/Texture/second_Sprite_16.uexp" 815
"C:/Users/nicol/Documents/Unreal Projects/ProjectSNK/Content/Environement/Texture/second_Sprite_15.uasset" 816
"C:/Users/nicol/Documents/Unreal Projects/ProjectSNK/Content/Environement/Texture/second_Sprite_15.uexp" 817
"C:/Users/nicol/Documents/Unreal Projects/ProjectSNK/Content/Environement/Texture/second_Sprite_14.uasset" 818
"C:/Users/nicol/Documents/Unreal Projects/ProjectSNK/Content/Environement/Texture/second_Sprite_14.uexp" 819
"C:/Users/nicol/Documents/Unreal Projects/ProjectSNK/Content/Environement/Texture/second_Sprite_13.uasset" 820
"C:/Users/nicol/Documents/Unreal Projects/ProjectSNK/Content/Environement/Texture/second_Sprite_13.uexp" 821
"C:/Users/nicol/Documents/Unreal Projects/ProjectSNK/Content/Environement/Texture/second_Sprite_12.uasset" 822
"C:/Users/nicol/Documents/Unreal Projects/ProjectSNK/Content/Environement/Texture/second_Sprite_12.uexp" 823
"C:/Users/nicol/Documents/Unreal Projects/ProjectSNK/Content/Environement/Texture/second_Sprite_3.uasset" 824
"C:/Users/nicol/Documents/Unreal Projects/ProjectSNK/Content/Environement/Texture/second_Sprite_3.uexp" 825
"C:/Users/nicol/Documents/Unreal Projects/ProjectSNK/Content/Environement/Texture/second_Sprite_11.uasset" 826
"C:/Users/nicol/Documents/Unreal Projects/ProjectSNK/Content/Environement/Texture/second_Sprite_11.uexp" 827
"C:/Users/nicol/Documents/Unreal Projects/ProjectSNK/Content/Environement/Texture/second_Sprite_10.uasset" 828
"C:/Users/nicol/Documents/Unreal Projects/ProjectSNK/Content/Environement/Texture/second_Sprite_10.uexp" 829
"C:/Users/nicol/Documents/Unreal Projects/ProjectSNK/Content/Environement/Texture/second_Sprite_1.uasset" 830
"C:/Users/nicol/Documents/Unreal Projects/ProjectSNK/Content/Environement/Texture/second_Sprite_1.uexp" 831
"C:/Users/nicol/Documents/Unreal Projects/ProjectSNK/Content/Environement/Texture/second_Sprite_0.uasset" 832
"C:/Users/nicol/Documents/Unreal Projects/ProjectSNK/Content/Environement/Texture/second_Sprite_0.uexp" 833
"C:/Users/nicol/Documents/Unreal Projects/ProjectSNK/Content/Environement/Texture/baby.uasset" 834
"C:/Users/nicol/Documents/Unreal Projects/ProjectSNK/Content/Environement/Texture/baby.uexp" 835
"C:/Users/nicol/Documents/Unreal Projects/ProjectSNK/Content/Environement/Blueprint/baby.uasset" 836
"C:/Users/nicol/Documents/Unreal Projects/ProjectSNK/Content/Environement/Blueprint/baby.uexp" 837
"C:/Users/nicol/Documents/Unreal Projects/ProjectSNK/Content/Environement/CrushMeIfYouCan.uasset" 838
"C:/Users/nicol/Documents/Unreal Projects/ProjectSNK/Content/Environement/CrushMeIfYouCan.uexp" 839
"C:/Users/nicol/Documents/Unreal Projects/ProjectSNK/Content/Level/LevelBase.uexp" 840
"C:/Users/nicol/Documents/Unreal Projects/ProjectSNK/Content/Level/LevelBase.umap" 841
"../../../Engine/Content/Maps/Entry_BuiltData.uasset" 842
"../../../Engine/Content/Maps/Entry_BuiltData.uexp" 843
"../../../Engine/Content/Maps/Entry.uexp" 844
"../../../Engine/Content/Maps/Entry.umap" 845
